<?xml version="1.0" encoding="UTF-8"?>
<testsuite xmlns:xsi="http://www.w3.org/2001/XMLSchema-instance" xsi:noNamespaceSchemaLocation="https://maven.apache.org/surefire/maven-surefire-plugin/xsd/surefire-test-report-3.0.xsd" version="3.0" name="TestSuite" time="92.295" tests="1" errors="0" skipped="0" failures="1">
  <properties>
    <property name="sun.desktop" value="windows"/>
    <property name="awt.toolkit" value="sun.awt.windows.WToolkit"/>
    <property name="java.specification.version" value="12"/>
    <property name="webdriver.chrome.driver" value="C:\Users\Amit Kumar Das\git\EaseMyTrip/src/main/java/com/EaseMyTrip/resources/chromedriver.exe"/>
    <property name="sun.cpu.isalist" value="amd64"/>
    <property name="sun.jnu.encoding" value="Cp1252"/>
    <property name="java.class.path" value="C:\Users\Amit Kumar Das\git\EaseMyTrip\target\test-classes;C:\Users\Amit Kumar Das\git\EaseMyTrip\target\classes;C:\Users\Amit Kumar Das\.m2\repository\org\jsoup\jsoup\1.13.1\jsoup-1.13.1.jar;C:\Users\Amit Kumar Das\.m2\repository\javax\mail\javax.mail-api\1.6.2\javax.mail-api-1.6.2.jar;C:\Users\Amit Kumar Das\.m2\repository\com\sun\mail\javax.mail\1.6.2\javax.mail-1.6.2.jar;C:\Users\Amit Kumar Das\.m2\repository\javax\activation\activation\1.1.1\activation-1.1.1.jar;C:\Users\Amit Kumar Das\.m2\repository\junit\junit\4.11\junit-4.11.jar;C:\Users\Amit Kumar Das\.m2\repository\org\hamcrest\hamcrest-core\1.3\hamcrest-core-1.3.jar;C:\Users\Amit Kumar Das\.m2\repository\org\seleniumhq\selenium\selenium-java\3.141.59\selenium-java-3.141.59.jar;C:\Users\Amit Kumar Das\.m2\repository\org\seleniumhq\selenium\selenium-api\3.141.59\selenium-api-3.141.59.jar;C:\Users\Amit Kumar Das\.m2\repository\org\seleniumhq\selenium\selenium-edge-driver\3.141.59\selenium-edge-driver-3.141.59.jar;C:\Users\Amit Kumar Das\.m2\repository\org\seleniumhq\selenium\selenium-firefox-driver\3.141.59\selenium-firefox-driver-3.141.59.jar;C:\Users\Amit Kumar Das\.m2\repository\org\seleniumhq\selenium\selenium-ie-driver\3.141.59\selenium-ie-driver-3.141.59.jar;C:\Users\Amit Kumar Das\.m2\repository\org\seleniumhq\selenium\selenium-opera-driver\3.141.59\selenium-opera-driver-3.141.59.jar;C:\Users\Amit Kumar Das\.m2\repository\org\seleniumhq\selenium\selenium-remote-driver\3.141.59\selenium-remote-driver-3.141.59.jar;C:\Users\Amit Kumar Das\.m2\repository\org\seleniumhq\selenium\selenium-safari-driver\3.141.59\selenium-safari-driver-3.141.59.jar;C:\Users\Amit Kumar Das\.m2\repository\org\seleniumhq\selenium\selenium-support\3.141.59\selenium-support-3.141.59.jar;C:\Users\Amit Kumar Das\.m2\repository\net\bytebuddy\byte-buddy\1.8.15\byte-buddy-1.8.15.jar;C:\Users\Amit Kumar Das\.m2\repository\org\apache\commons\commons-exec\1.3\commons-exec-1.3.jar;C:\Users\Amit Kumar Das\.m2\repository\com\google\guava\guava\25.0-jre\guava-25.0-jre.jar;C:\Users\Amit Kumar Das\.m2\repository\com\google\code\findbugs\jsr305\1.3.9\jsr305-1.3.9.jar;C:\Users\Amit Kumar Das\.m2\repository\org\checkerframework\checker-compat-qual\2.0.0\checker-compat-qual-2.0.0.jar;C:\Users\Amit Kumar Das\.m2\repository\com\google\errorprone\error_prone_annotations\2.1.3\error_prone_annotations-2.1.3.jar;C:\Users\Amit Kumar Das\.m2\repository\com\google\j2objc\j2objc-annotations\1.1\j2objc-annotations-1.1.jar;C:\Users\Amit Kumar Das\.m2\repository\org\codehaus\mojo\animal-sniffer-annotations\1.14\animal-sniffer-annotations-1.14.jar;C:\Users\Amit Kumar Das\.m2\repository\com\squareup\okhttp3\okhttp\3.11.0\okhttp-3.11.0.jar;C:\Users\Amit Kumar Das\.m2\repository\com\squareup\okio\okio\1.14.0\okio-1.14.0.jar;C:\Users\Amit Kumar Das\.m2\repository\org\testng\testng\7.3.0\testng-7.3.0.jar;C:\Users\Amit Kumar Das\.m2\repository\com\beust\jcommander\1.78\jcommander-1.78.jar;C:\Users\Amit Kumar Das\.m2\repository\org\apache\ant\ant\1.10.3\ant-1.10.3.jar;C:\Users\Amit Kumar Das\.m2\repository\org\apache\ant\ant-launcher\1.10.3\ant-launcher-1.10.3.jar;C:\Users\Amit Kumar Das\.m2\repository\com\google\inject\guice\4.2.2\guice-4.2.2-no_aop.jar;C:\Users\Amit Kumar Das\.m2\repository\javax\inject\javax.inject\1\javax.inject-1.jar;C:\Users\Amit Kumar Das\.m2\repository\aopalliance\aopalliance\1.0\aopalliance-1.0.jar;C:\Users\Amit Kumar Das\.m2\repository\org\yaml\snakeyaml\1.21\snakeyaml-1.21.jar;C:\Users\Amit Kumar Das\.m2\repository\org\apache\logging\log4j\log4j-core\2.13.3\log4j-core-2.13.3.jar;C:\Users\Amit Kumar Das\.m2\repository\org\apache\logging\log4j\log4j-api\2.13.3\log4j-api-2.13.3.jar;C:\Users\Amit Kumar Das\.m2\repository\org\seleniumhq\selenium\selenium-chrome-driver\3.141.59\selenium-chrome-driver-3.141.59.jar;C:\Users\Amit Kumar Das\.m2\repository\org\seleniumhq\selenium\selenium-server\3.141.59\selenium-server-3.141.59.jar;C:\Users\Amit Kumar Das\.m2\repository\net\jcip\jcip-annotations\1.0\jcip-annotations-1.0.jar;C:\Users\Amit Kumar Das\.m2\repository\org\seleniumhq\selenium\jetty-repacked\9.4.12.v20180830\jetty-repacked-9.4.12.v20180830.jar;C:\Users\Amit Kumar Das\.m2\repository\javax\servlet\javax.servlet-api\3.1.0\javax.servlet-api-3.1.0.jar;C:\Users\Amit Kumar Das\.m2\repository\org\apache\poi\poi\4.1.2\poi-4.1.2.jar;C:\Users\Amit Kumar Das\.m2\repository\commons-codec\commons-codec\1.13\commons-codec-1.13.jar;C:\Users\Amit Kumar Das\.m2\repository\org\apache\commons\commons-collections4\4.4\commons-collections4-4.4.jar;C:\Users\Amit Kumar Das\.m2\repository\org\apache\commons\commons-math3\3.6.1\commons-math3-3.6.1.jar;C:\Users\Amit Kumar Das\.m2\repository\com\zaxxer\SparseBitSet\1.2\SparseBitSet-1.2.jar;C:\Users\Amit Kumar Das\.m2\repository\org\apache\poi\poi-ooxml\4.1.2\poi-ooxml-4.1.2.jar;C:\Users\Amit Kumar Das\.m2\repository\org\apache\poi\poi-ooxml-schemas\4.1.2\poi-ooxml-schemas-4.1.2.jar;C:\Users\Amit Kumar Das\.m2\repository\org\apache\xmlbeans\xmlbeans\3.1.0\xmlbeans-3.1.0.jar;C:\Users\Amit Kumar Das\.m2\repository\org\apache\commons\commons-compress\1.19\commons-compress-1.19.jar;C:\Users\Amit Kumar Das\.m2\repository\com\github\virtuald\curvesapi\1.06\curvesapi-1.06.jar;C:\Users\Amit Kumar Das\.m2\repository\commons-io\commons-io\2.7\commons-io-2.7.jar;"/>
    <property name="java.vm.vendor" value="Oracle Corporation"/>
    <property name="sun.arch.data.model" value="64"/>
    <property name="user.variant" value=""/>
    <property name="java.vendor.url" value="https://java.oracle.com/"/>
    <property name="user.timezone" value="Asia/Calcutta"/>
    <property name="os.name" value="Windows 10"/>
    <property name="java.vm.specification.version" value="12"/>
    <property name="sun.java.launcher" value="SUN_STANDARD"/>
    <property name="user.country" value="IN"/>
    <property name="sun.boot.library.path" value="C:\Program Files\Java\jdk-12.0.2\bin"/>
    <property name="sun.java.command" value="C:\Users\Amit Kumar Das\AppData\Local\Temp\surefire11452446805634736630\surefirebooter17084351913002963766.jar C:\Users\Amit Kumar Das\AppData\Local\Temp\surefire11452446805634736630 2020-08-30T12-56-42_634-jvmRun1 surefire10742368871222201023tmp surefire_010846369515825813641tmp"/>
    <property name="jdk.debug" value="release"/>
    <property name="surefire.test.class.path" value="C:\Users\Amit Kumar Das\git\EaseMyTrip\target\test-classes;C:\Users\Amit Kumar Das\git\EaseMyTrip\target\classes;C:\Users\Amit Kumar Das\.m2\repository\org\jsoup\jsoup\1.13.1\jsoup-1.13.1.jar;C:\Users\Amit Kumar Das\.m2\repository\javax\mail\javax.mail-api\1.6.2\javax.mail-api-1.6.2.jar;C:\Users\Amit Kumar Das\.m2\repository\com\sun\mail\javax.mail\1.6.2\javax.mail-1.6.2.jar;C:\Users\Amit Kumar Das\.m2\repository\javax\activation\activation\1.1.1\activation-1.1.1.jar;C:\Users\Amit Kumar Das\.m2\repository\junit\junit\4.11\junit-4.11.jar;C:\Users\Amit Kumar Das\.m2\repository\org\hamcrest\hamcrest-core\1.3\hamcrest-core-1.3.jar;C:\Users\Amit Kumar Das\.m2\repository\org\seleniumhq\selenium\selenium-java\3.141.59\selenium-java-3.141.59.jar;C:\Users\Amit Kumar Das\.m2\repository\org\seleniumhq\selenium\selenium-api\3.141.59\selenium-api-3.141.59.jar;C:\Users\Amit Kumar Das\.m2\repository\org\seleniumhq\selenium\selenium-edge-driver\3.141.59\selenium-edge-driver-3.141.59.jar;C:\Users\Amit Kumar Das\.m2\repository\org\seleniumhq\selenium\selenium-firefox-driver\3.141.59\selenium-firefox-driver-3.141.59.jar;C:\Users\Amit Kumar Das\.m2\repository\org\seleniumhq\selenium\selenium-ie-driver\3.141.59\selenium-ie-driver-3.141.59.jar;C:\Users\Amit Kumar Das\.m2\repository\org\seleniumhq\selenium\selenium-opera-driver\3.141.59\selenium-opera-driver-3.141.59.jar;C:\Users\Amit Kumar Das\.m2\repository\org\seleniumhq\selenium\selenium-remote-driver\3.141.59\selenium-remote-driver-3.141.59.jar;C:\Users\Amit Kumar Das\.m2\repository\org\seleniumhq\selenium\selenium-safari-driver\3.141.59\selenium-safari-driver-3.141.59.jar;C:\Users\Amit Kumar Das\.m2\repository\org\seleniumhq\selenium\selenium-support\3.141.59\selenium-support-3.141.59.jar;C:\Users\Amit Kumar Das\.m2\repository\net\bytebuddy\byte-buddy\1.8.15\byte-buddy-1.8.15.jar;C:\Users\Amit Kumar Das\.m2\repository\org\apache\commons\commons-exec\1.3\commons-exec-1.3.jar;C:\Users\Amit Kumar Das\.m2\repository\com\google\guava\guava\25.0-jre\guava-25.0-jre.jar;C:\Users\Amit Kumar Das\.m2\repository\com\google\code\findbugs\jsr305\1.3.9\jsr305-1.3.9.jar;C:\Users\Amit Kumar Das\.m2\repository\org\checkerframework\checker-compat-qual\2.0.0\checker-compat-qual-2.0.0.jar;C:\Users\Amit Kumar Das\.m2\repository\com\google\errorprone\error_prone_annotations\2.1.3\error_prone_annotations-2.1.3.jar;C:\Users\Amit Kumar Das\.m2\repository\com\google\j2objc\j2objc-annotations\1.1\j2objc-annotations-1.1.jar;C:\Users\Amit Kumar Das\.m2\repository\org\codehaus\mojo\animal-sniffer-annotations\1.14\animal-sniffer-annotations-1.14.jar;C:\Users\Amit Kumar Das\.m2\repository\com\squareup\okhttp3\okhttp\3.11.0\okhttp-3.11.0.jar;C:\Users\Amit Kumar Das\.m2\repository\com\squareup\okio\okio\1.14.0\okio-1.14.0.jar;C:\Users\Amit Kumar Das\.m2\repository\org\testng\testng\7.3.0\testng-7.3.0.jar;C:\Users\Amit Kumar Das\.m2\repository\com\beust\jcommander\1.78\jcommander-1.78.jar;C:\Users\Amit Kumar Das\.m2\repository\org\apache\ant\ant\1.10.3\ant-1.10.3.jar;C:\Users\Amit Kumar Das\.m2\repository\org\apache\ant\ant-launcher\1.10.3\ant-launcher-1.10.3.jar;C:\Users\Amit Kumar Das\.m2\repository\com\google\inject\guice\4.2.2\guice-4.2.2-no_aop.jar;C:\Users\Amit Kumar Das\.m2\repository\javax\inject\javax.inject\1\javax.inject-1.jar;C:\Users\Amit Kumar Das\.m2\repository\aopalliance\aopalliance\1.0\aopalliance-1.0.jar;C:\Users\Amit Kumar Das\.m2\repository\org\yaml\snakeyaml\1.21\snakeyaml-1.21.jar;C:\Users\Amit Kumar Das\.m2\repository\org\apache\logging\log4j\log4j-core\2.13.3\log4j-core-2.13.3.jar;C:\Users\Amit Kumar Das\.m2\repository\org\apache\logging\log4j\log4j-api\2.13.3\log4j-api-2.13.3.jar;C:\Users\Amit Kumar Das\.m2\repository\org\seleniumhq\selenium\selenium-chrome-driver\3.141.59\selenium-chrome-driver-3.141.59.jar;C:\Users\Amit Kumar Das\.m2\repository\org\seleniumhq\selenium\selenium-server\3.141.59\selenium-server-3.141.59.jar;C:\Users\Amit Kumar Das\.m2\repository\net\jcip\jcip-annotations\1.0\jcip-annotations-1.0.jar;C:\Users\Amit Kumar Das\.m2\repository\org\seleniumhq\selenium\jetty-repacked\9.4.12.v20180830\jetty-repacked-9.4.12.v20180830.jar;C:\Users\Amit Kumar Das\.m2\repository\javax\servlet\javax.servlet-api\3.1.0\javax.servlet-api-3.1.0.jar;C:\Users\Amit Kumar Das\.m2\repository\org\apache\poi\poi\4.1.2\poi-4.1.2.jar;C:\Users\Amit Kumar Das\.m2\repository\commons-codec\commons-codec\1.13\commons-codec-1.13.jar;C:\Users\Amit Kumar Das\.m2\repository\org\apache\commons\commons-collections4\4.4\commons-collections4-4.4.jar;C:\Users\Amit Kumar Das\.m2\repository\org\apache\commons\commons-math3\3.6.1\commons-math3-3.6.1.jar;C:\Users\Amit Kumar Das\.m2\repository\com\zaxxer\SparseBitSet\1.2\SparseBitSet-1.2.jar;C:\Users\Amit Kumar Das\.m2\repository\org\apache\poi\poi-ooxml\4.1.2\poi-ooxml-4.1.2.jar;C:\Users\Amit Kumar Das\.m2\repository\org\apache\poi\poi-ooxml-schemas\4.1.2\poi-ooxml-schemas-4.1.2.jar;C:\Users\Amit Kumar Das\.m2\repository\org\apache\xmlbeans\xmlbeans\3.1.0\xmlbeans-3.1.0.jar;C:\Users\Amit Kumar Das\.m2\repository\org\apache\commons\commons-compress\1.19\commons-compress-1.19.jar;C:\Users\Amit Kumar Das\.m2\repository\com\github\virtuald\curvesapi\1.06\curvesapi-1.06.jar;C:\Users\Amit Kumar Das\.m2\repository\commons-io\commons-io\2.7\commons-io-2.7.jar;"/>
    <property name="sun.cpu.endian" value="little"/>
    <property name="user.home" value="C:\Users\Amit Kumar Das"/>
    <property name="user.language" value="en"/>
    <property name="java.specification.vendor" value="Oracle Corporation"/>
    <property name="java.version.date" value="2019-07-16"/>
    <property name="java.home" value="C:\Program Files\Java\jdk-12.0.2"/>
    <property name="file.separator" value="\"/>
    <property name="basedir" value="C:\Users\Amit Kumar Das\git\EaseMyTrip"/>
    <property name="java.vm.compressedOopsMode" value="32-bit"/>
    <property name="line.separator" value="&#10;"/>
    <property name="java.vm.specification.vendor" value="Oracle Corporation"/>
    <property name="java.specification.name" value="Java Platform API Specification"/>
    <property name="java.awt.graphicsenv" value="sun.awt.Win32GraphicsEnvironment"/>
    <property name="surefire.real.class.path" value="C:\Users\Amit Kumar Das\AppData\Local\Temp\surefire11452446805634736630\surefirebooter17084351913002963766.jar"/>
    <property name="user.script" value=""/>
    <property name="sun.management.compiler" value="HotSpot 64-Bit Tiered Compilers"/>
    <property name="java.runtime.version" value="12.0.2+10"/>
    <property name="user.name" value="Amit Kumar Das"/>
    <property name="path.separator" value=";"/>
    <property name="os.version" value="10.0"/>
    <property name="java.runtime.name" value="Java(TM) SE Runtime Environment"/>
    <property name="file.encoding" value="Cp1252"/>
    <property name="java.vm.name" value="Java HotSpot(TM) 64-Bit Server VM"/>
    <property name="localRepository" value="C:\Users\Amit Kumar Das\.m2\repository"/>
    <property name="java.vendor.url.bug" value="https://bugreport.java.com/bugreport/"/>
    <property name="java.io.tmpdir" value="C:\Users\AMITKU~1\AppData\Local\Temp\"/>
    <property name="java.version" value="12.0.2"/>
    <property name="user.dir" value="C:\Users\Amit Kumar Das\git\EaseMyTrip"/>
    <property name="os.arch" value="amd64"/>
    <property name="java.vm.specification.name" value="Java Virtual Machine Specification"/>
    <property name="sun.os.patch.level" value=""/>
    <property name="java.library.path" value="C:\Program Files\Java\jdk-12.0.2\bin;C:\WINDOWS\Sun\Java\bin;C:\WINDOWS\system32;C:\WINDOWS;C:/Program Files/Java/jdk-12.0.2/bin/server;C:/Program Files/Java/jdk-12.0.2/bin;C:\Program Files (x86)\Common Files\Oracle\Java\javapath;C:\Program Files (x86)\Intel\Intel(R) Management Engine Components\iCLS\;C:\Program Files\Intel\Intel(R) Management Engine Components\iCLS\;C:\Windows\system32;C:\Windows;C:\Windows\System32\Wbem;C:\Windows\System32\WindowsPowerShell\v1.0\;C:\Program Files (x86)\NVIDIA Corporation\PhysX\Common;C:\Program Files\Intel\WiFi\bin\;C:\Program Files\Common Files\Intel\WirelessCommon\;C:\Program Files (x86)\Intel\Intel(R) Management Engine Components\DAL;C:\Program Files\Intel\Intel(R) Management Engine Components\DAL;C:\Program Files (x86)\Intel\Intel(R) Management Engine Components\IPT;C:\Program Files\Intel\Intel(R) Management Engine Components\IPT;C:\WINDOWS\system32;C:\WINDOWS;C:\WINDOWS\System32\Wbem;C:\WINDOWS\System32\WindowsPowerShell\v1.0\;C:\WINDOWS\System32\OpenSSH\;C:\Program Files\NVIDIA Corporation\NVIDIA NvDLISR;C:\Program Files\PuTTY\;C:\Android;C:\Program Files\Git\cmd;C:\Users\Amit Kumar Das\Downloads\apache-maven-3.6.3-bin\apache-maven-3.6.3\bin;C:\Program Files\Java\jdk-12.0.2\bin;C:\Program Files\nodejs\;C:\Program Files (x86)\Pulse Secure\VC142.CRT\X64\;C:\Program Files (x86)\Pulse Secure\VC142.CRT\X86\;C:\Users\Public\Anaconda3;C:\Users\Public\Anaconda3\Library\mingw-w64\bin;C:\Users\Public\Anaconda3\Library\usr\bin;C:\Users\Public\Anaconda3\Library\bin;C:\Users\Public\Anaconda3\Scripts;C:\Users\Amit Kumar Das\AppData\Local\Microsoft\WindowsApps;C:\Users\Amit Kumar Das\AppData\Local\GitHubDesktop\bin;C:\Program Files\Docker Toolbox;C:\Users\Amit Kumar Das\AppData\Local\Programs\Microsoft VS Code\bin;C:\Users\Amit Kumar Das\AppData\Roaming\npm;C:\WINDOWS\system32;;."/>
    <property name="java.vm.info" value="mixed mode, sharing"/>
    <property name="java.vendor" value="Oracle Corporation"/>
    <property name="java.vm.version" value="12.0.2+10"/>
    <property name="sun.io.unicode.encoding" value="UnicodeLittle"/>
    <property name="java.class.version" value="56.0"/>
  </properties>
  <testcase name="createAccount[resultsautomationtest@gmail.com, Amrita1959@](1)" classname="com.EaseMyTrip.test.AccountTest" time="76.125">
    <failure type="java.lang.AssertionError"><![CDATA[java.lang.AssertionError
	at com.EaseMyTrip.test.AccountTest.createAccount(AccountTest.java:96)
]]></failure>
    <system-out><![CDATA[User Agent: Mozilla/5.0 (Windows; U; Windows NT 6.0; en-US) AppleWebKit/532.2 (KHTML, like Gecko) Chrome/4.0.222.12 Safari/532.2
12:56:48.911 [main] INFO  com.EaseMyTrip.test.AccountTest - Driver is Initialized
12:56:58.000 [main] INFO  com.EaseMyTrip.test.AccountTest - Website opened successfully
12:57:00.815 [main] INFO  com.EaseMyTrip.test.AccountTest - Creating Account for Email id: resultsautomationtest@gmail.com
12:57:00.899 [main] INFO  com.EaseMyTrip.test.AccountTest - Covid Alert Dialog Box closed
12:57:01.593 [main] INFO  com.EaseMyTrip.test.AccountTest - My Account tray clicked successfully
12:57:03.167 [main] INFO  com.EaseMyTrip.test.AccountTest - Email Entered with email id: resultsautomationtest@gmail.com
12:58:09.684 [main] INFO  com.EaseMyTrip.test.AccountTest - OTP successfully retrieved from mail: 143437
12:58:10.076 [main] INFO  com.EaseMyTrip.test.AccountTest - Password Entered with: Amrita1959@
12:58:13.167 [main] INFO  com.EaseMyTrip.test.AccountTest - Email Id and Password submitted successfully
12:58:14.229 [main] INFO  com.EaseMyTrip.test.AccountTest - Account Verified Successfully for email: resultsautomationtest@gmail.com
12:58:14.933 [main] ERROR com.EaseMyTrip.test.AccountTest - Log out failed for resultsautomationtest@gmail.com
]]></system-out>
    <system-err><![CDATA[Aug 30, 2020 12:56:44 PM org.openqa.selenium.remote.DesiredCapabilities chrome
INFO: Using `new ChromeOptions()` is preferred to `DesiredCapabilities.chrome()`
Starting ChromeDriver 83.0.4103.39 (ccbf011cb2d2b19b506d844400483861342c20cd-refs/branch-heads/4103@{#416}) on port 23261
Only local connections are allowed.
Please see https://chromedriver.chromium.org/security-considerations for suggestions on keeping ChromeDriver safe.
ChromeDriver was started successfully.
[1598772406.757][WARNING]: This version of ChromeDriver has not been tested with Chrome version 84.
Aug 30, 2020 12:56:48 PM org.openqa.selenium.remote.ProtocolHandshake createSession
INFO: Detected dialect: W3C
]]></system-err>
  </testcase>
</testsuite>