<?xml version="1.0" encoding="UTF-8"?>
<testsuite xmlns:xsi="http://www.w3.org/2001/XMLSchema-instance" xsi:noNamespaceSchemaLocation="https://maven.apache.org/surefire/maven-surefire-plugin/xsd/surefire-test-report-3.0.xsd" version="3.0" name="TestSuite" time="61.095" tests="7" errors="0" skipped="0" failures="2">
  <properties>
    <property name="sun.desktop" value="windows"/>
    <property name="awt.toolkit" value="sun.awt.windows.WToolkit"/>
    <property name="java.specification.version" value="12"/>
    <property name="webdriver.chrome.driver" value="C:\Users\Amit Kumar Das\git\EaseMyTrip/src/main/java/com/EaseMyTrip/resources/chromedriver.exe"/>
    <property name="sun.cpu.isalist" value="amd64"/>
    <property name="sun.jnu.encoding" value="Cp1252"/>
    <property name="java.class.path" value="C:\Users\Amit Kumar Das\git\EaseMyTrip\target\test-classes;C:\Users\Amit Kumar Das\git\EaseMyTrip\target\classes;C:\Users\Amit Kumar Das\.m2\repository\org\jsoup\jsoup\1.13.1\jsoup-1.13.1.jar;C:\Users\Amit Kumar Das\.m2\repository\javax\mail\javax.mail-api\1.6.2\javax.mail-api-1.6.2.jar;C:\Users\Amit Kumar Das\.m2\repository\com\sun\mail\javax.mail\1.6.2\javax.mail-1.6.2.jar;C:\Users\Amit Kumar Das\.m2\repository\javax\activation\activation\1.1.1\activation-1.1.1.jar;C:\Users\Amit Kumar Das\.m2\repository\junit\junit\4.11\junit-4.11.jar;C:\Users\Amit Kumar Das\.m2\repository\org\hamcrest\hamcrest-core\1.3\hamcrest-core-1.3.jar;C:\Users\Amit Kumar Das\.m2\repository\org\seleniumhq\selenium\selenium-java\3.141.59\selenium-java-3.141.59.jar;C:\Users\Amit Kumar Das\.m2\repository\org\seleniumhq\selenium\selenium-api\3.141.59\selenium-api-3.141.59.jar;C:\Users\Amit Kumar Das\.m2\repository\org\seleniumhq\selenium\selenium-edge-driver\3.141.59\selenium-edge-driver-3.141.59.jar;C:\Users\Amit Kumar Das\.m2\repository\org\seleniumhq\selenium\selenium-firefox-driver\3.141.59\selenium-firefox-driver-3.141.59.jar;C:\Users\Amit Kumar Das\.m2\repository\org\seleniumhq\selenium\selenium-ie-driver\3.141.59\selenium-ie-driver-3.141.59.jar;C:\Users\Amit Kumar Das\.m2\repository\org\seleniumhq\selenium\selenium-opera-driver\3.141.59\selenium-opera-driver-3.141.59.jar;C:\Users\Amit Kumar Das\.m2\repository\org\seleniumhq\selenium\selenium-remote-driver\3.141.59\selenium-remote-driver-3.141.59.jar;C:\Users\Amit Kumar Das\.m2\repository\org\seleniumhq\selenium\selenium-safari-driver\3.141.59\selenium-safari-driver-3.141.59.jar;C:\Users\Amit Kumar Das\.m2\repository\org\seleniumhq\selenium\selenium-support\3.141.59\selenium-support-3.141.59.jar;C:\Users\Amit Kumar Das\.m2\repository\net\bytebuddy\byte-buddy\1.8.15\byte-buddy-1.8.15.jar;C:\Users\Amit Kumar Das\.m2\repository\org\apache\commons\commons-exec\1.3\commons-exec-1.3.jar;C:\Users\Amit Kumar Das\.m2\repository\com\google\guava\guava\25.0-jre\guava-25.0-jre.jar;C:\Users\Amit Kumar Das\.m2\repository\com\google\code\findbugs\jsr305\1.3.9\jsr305-1.3.9.jar;C:\Users\Amit Kumar Das\.m2\repository\org\checkerframework\checker-compat-qual\2.0.0\checker-compat-qual-2.0.0.jar;C:\Users\Amit Kumar Das\.m2\repository\com\google\errorprone\error_prone_annotations\2.1.3\error_prone_annotations-2.1.3.jar;C:\Users\Amit Kumar Das\.m2\repository\com\google\j2objc\j2objc-annotations\1.1\j2objc-annotations-1.1.jar;C:\Users\Amit Kumar Das\.m2\repository\org\codehaus\mojo\animal-sniffer-annotations\1.14\animal-sniffer-annotations-1.14.jar;C:\Users\Amit Kumar Das\.m2\repository\com\squareup\okhttp3\okhttp\3.11.0\okhttp-3.11.0.jar;C:\Users\Amit Kumar Das\.m2\repository\com\squareup\okio\okio\1.14.0\okio-1.14.0.jar;C:\Users\Amit Kumar Das\.m2\repository\org\testng\testng\7.3.0\testng-7.3.0.jar;C:\Users\Amit Kumar Das\.m2\repository\com\beust\jcommander\1.78\jcommander-1.78.jar;C:\Users\Amit Kumar Das\.m2\repository\org\apache\ant\ant\1.10.3\ant-1.10.3.jar;C:\Users\Amit Kumar Das\.m2\repository\org\apache\ant\ant-launcher\1.10.3\ant-launcher-1.10.3.jar;C:\Users\Amit Kumar Das\.m2\repository\com\google\inject\guice\4.2.2\guice-4.2.2-no_aop.jar;C:\Users\Amit Kumar Das\.m2\repository\javax\inject\javax.inject\1\javax.inject-1.jar;C:\Users\Amit Kumar Das\.m2\repository\aopalliance\aopalliance\1.0\aopalliance-1.0.jar;C:\Users\Amit Kumar Das\.m2\repository\org\yaml\snakeyaml\1.21\snakeyaml-1.21.jar;C:\Users\Amit Kumar Das\.m2\repository\org\apache\logging\log4j\log4j-core\2.13.3\log4j-core-2.13.3.jar;C:\Users\Amit Kumar Das\.m2\repository\org\apache\logging\log4j\log4j-api\2.13.3\log4j-api-2.13.3.jar;C:\Users\Amit Kumar Das\.m2\repository\org\seleniumhq\selenium\selenium-chrome-driver\3.141.59\selenium-chrome-driver-3.141.59.jar;C:\Users\Amit Kumar Das\.m2\repository\org\seleniumhq\selenium\selenium-server\3.141.59\selenium-server-3.141.59.jar;C:\Users\Amit Kumar Das\.m2\repository\net\jcip\jcip-annotations\1.0\jcip-annotations-1.0.jar;C:\Users\Amit Kumar Das\.m2\repository\org\seleniumhq\selenium\jetty-repacked\9.4.12.v20180830\jetty-repacked-9.4.12.v20180830.jar;C:\Users\Amit Kumar Das\.m2\repository\javax\servlet\javax.servlet-api\3.1.0\javax.servlet-api-3.1.0.jar;C:\Users\Amit Kumar Das\.m2\repository\org\apache\poi\poi\4.1.2\poi-4.1.2.jar;C:\Users\Amit Kumar Das\.m2\repository\commons-codec\commons-codec\1.13\commons-codec-1.13.jar;C:\Users\Amit Kumar Das\.m2\repository\org\apache\commons\commons-collections4\4.4\commons-collections4-4.4.jar;C:\Users\Amit Kumar Das\.m2\repository\org\apache\commons\commons-math3\3.6.1\commons-math3-3.6.1.jar;C:\Users\Amit Kumar Das\.m2\repository\com\zaxxer\SparseBitSet\1.2\SparseBitSet-1.2.jar;C:\Users\Amit Kumar Das\.m2\repository\org\apache\poi\poi-ooxml\4.1.2\poi-ooxml-4.1.2.jar;C:\Users\Amit Kumar Das\.m2\repository\org\apache\poi\poi-ooxml-schemas\4.1.2\poi-ooxml-schemas-4.1.2.jar;C:\Users\Amit Kumar Das\.m2\repository\org\apache\xmlbeans\xmlbeans\3.1.0\xmlbeans-3.1.0.jar;C:\Users\Amit Kumar Das\.m2\repository\org\apache\commons\commons-compress\1.19\commons-compress-1.19.jar;C:\Users\Amit Kumar Das\.m2\repository\com\github\virtuald\curvesapi\1.06\curvesapi-1.06.jar;C:\Users\Amit Kumar Das\.m2\repository\commons-io\commons-io\2.7\commons-io-2.7.jar;"/>
    <property name="java.vm.vendor" value="Oracle Corporation"/>
    <property name="sun.arch.data.model" value="64"/>
    <property name="user.variant" value=""/>
    <property name="java.vendor.url" value="https://java.oracle.com/"/>
    <property name="user.timezone" value="Asia/Calcutta"/>
    <property name="os.name" value="Windows 10"/>
    <property name="java.vm.specification.version" value="12"/>
    <property name="sun.java.launcher" value="SUN_STANDARD"/>
    <property name="user.country" value="IN"/>
    <property name="sun.boot.library.path" value="C:\Program Files\Java\jdk-12.0.2\bin"/>
    <property name="sun.java.command" value="C:\Users\Amit Kumar Das\AppData\Local\Temp\surefire10240663003325170688\surefirebooter8291307574375335591.jar C:\Users\Amit Kumar Das\AppData\Local\Temp\surefire10240663003325170688 2020-09-02T21-47-58_766-jvmRun1 surefire6744286816491889631tmp surefire_04329741810189615949tmp"/>
    <property name="jdk.debug" value="release"/>
    <property name="surefire.test.class.path" value="C:\Users\Amit Kumar Das\git\EaseMyTrip\target\test-classes;C:\Users\Amit Kumar Das\git\EaseMyTrip\target\classes;C:\Users\Amit Kumar Das\.m2\repository\org\jsoup\jsoup\1.13.1\jsoup-1.13.1.jar;C:\Users\Amit Kumar Das\.m2\repository\javax\mail\javax.mail-api\1.6.2\javax.mail-api-1.6.2.jar;C:\Users\Amit Kumar Das\.m2\repository\com\sun\mail\javax.mail\1.6.2\javax.mail-1.6.2.jar;C:\Users\Amit Kumar Das\.m2\repository\javax\activation\activation\1.1.1\activation-1.1.1.jar;C:\Users\Amit Kumar Das\.m2\repository\junit\junit\4.11\junit-4.11.jar;C:\Users\Amit Kumar Das\.m2\repository\org\hamcrest\hamcrest-core\1.3\hamcrest-core-1.3.jar;C:\Users\Amit Kumar Das\.m2\repository\org\seleniumhq\selenium\selenium-java\3.141.59\selenium-java-3.141.59.jar;C:\Users\Amit Kumar Das\.m2\repository\org\seleniumhq\selenium\selenium-api\3.141.59\selenium-api-3.141.59.jar;C:\Users\Amit Kumar Das\.m2\repository\org\seleniumhq\selenium\selenium-edge-driver\3.141.59\selenium-edge-driver-3.141.59.jar;C:\Users\Amit Kumar Das\.m2\repository\org\seleniumhq\selenium\selenium-firefox-driver\3.141.59\selenium-firefox-driver-3.141.59.jar;C:\Users\Amit Kumar Das\.m2\repository\org\seleniumhq\selenium\selenium-ie-driver\3.141.59\selenium-ie-driver-3.141.59.jar;C:\Users\Amit Kumar Das\.m2\repository\org\seleniumhq\selenium\selenium-opera-driver\3.141.59\selenium-opera-driver-3.141.59.jar;C:\Users\Amit Kumar Das\.m2\repository\org\seleniumhq\selenium\selenium-remote-driver\3.141.59\selenium-remote-driver-3.141.59.jar;C:\Users\Amit Kumar Das\.m2\repository\org\seleniumhq\selenium\selenium-safari-driver\3.141.59\selenium-safari-driver-3.141.59.jar;C:\Users\Amit Kumar Das\.m2\repository\org\seleniumhq\selenium\selenium-support\3.141.59\selenium-support-3.141.59.jar;C:\Users\Amit Kumar Das\.m2\repository\net\bytebuddy\byte-buddy\1.8.15\byte-buddy-1.8.15.jar;C:\Users\Amit Kumar Das\.m2\repository\org\apache\commons\commons-exec\1.3\commons-exec-1.3.jar;C:\Users\Amit Kumar Das\.m2\repository\com\google\guava\guava\25.0-jre\guava-25.0-jre.jar;C:\Users\Amit Kumar Das\.m2\repository\com\google\code\findbugs\jsr305\1.3.9\jsr305-1.3.9.jar;C:\Users\Amit Kumar Das\.m2\repository\org\checkerframework\checker-compat-qual\2.0.0\checker-compat-qual-2.0.0.jar;C:\Users\Amit Kumar Das\.m2\repository\com\google\errorprone\error_prone_annotations\2.1.3\error_prone_annotations-2.1.3.jar;C:\Users\Amit Kumar Das\.m2\repository\com\google\j2objc\j2objc-annotations\1.1\j2objc-annotations-1.1.jar;C:\Users\Amit Kumar Das\.m2\repository\org\codehaus\mojo\animal-sniffer-annotations\1.14\animal-sniffer-annotations-1.14.jar;C:\Users\Amit Kumar Das\.m2\repository\com\squareup\okhttp3\okhttp\3.11.0\okhttp-3.11.0.jar;C:\Users\Amit Kumar Das\.m2\repository\com\squareup\okio\okio\1.14.0\okio-1.14.0.jar;C:\Users\Amit Kumar Das\.m2\repository\org\testng\testng\7.3.0\testng-7.3.0.jar;C:\Users\Amit Kumar Das\.m2\repository\com\beust\jcommander\1.78\jcommander-1.78.jar;C:\Users\Amit Kumar Das\.m2\repository\org\apache\ant\ant\1.10.3\ant-1.10.3.jar;C:\Users\Amit Kumar Das\.m2\repository\org\apache\ant\ant-launcher\1.10.3\ant-launcher-1.10.3.jar;C:\Users\Amit Kumar Das\.m2\repository\com\google\inject\guice\4.2.2\guice-4.2.2-no_aop.jar;C:\Users\Amit Kumar Das\.m2\repository\javax\inject\javax.inject\1\javax.inject-1.jar;C:\Users\Amit Kumar Das\.m2\repository\aopalliance\aopalliance\1.0\aopalliance-1.0.jar;C:\Users\Amit Kumar Das\.m2\repository\org\yaml\snakeyaml\1.21\snakeyaml-1.21.jar;C:\Users\Amit Kumar Das\.m2\repository\org\apache\logging\log4j\log4j-core\2.13.3\log4j-core-2.13.3.jar;C:\Users\Amit Kumar Das\.m2\repository\org\apache\logging\log4j\log4j-api\2.13.3\log4j-api-2.13.3.jar;C:\Users\Amit Kumar Das\.m2\repository\org\seleniumhq\selenium\selenium-chrome-driver\3.141.59\selenium-chrome-driver-3.141.59.jar;C:\Users\Amit Kumar Das\.m2\repository\org\seleniumhq\selenium\selenium-server\3.141.59\selenium-server-3.141.59.jar;C:\Users\Amit Kumar Das\.m2\repository\net\jcip\jcip-annotations\1.0\jcip-annotations-1.0.jar;C:\Users\Amit Kumar Das\.m2\repository\org\seleniumhq\selenium\jetty-repacked\9.4.12.v20180830\jetty-repacked-9.4.12.v20180830.jar;C:\Users\Amit Kumar Das\.m2\repository\javax\servlet\javax.servlet-api\3.1.0\javax.servlet-api-3.1.0.jar;C:\Users\Amit Kumar Das\.m2\repository\org\apache\poi\poi\4.1.2\poi-4.1.2.jar;C:\Users\Amit Kumar Das\.m2\repository\commons-codec\commons-codec\1.13\commons-codec-1.13.jar;C:\Users\Amit Kumar Das\.m2\repository\org\apache\commons\commons-collections4\4.4\commons-collections4-4.4.jar;C:\Users\Amit Kumar Das\.m2\repository\org\apache\commons\commons-math3\3.6.1\commons-math3-3.6.1.jar;C:\Users\Amit Kumar Das\.m2\repository\com\zaxxer\SparseBitSet\1.2\SparseBitSet-1.2.jar;C:\Users\Amit Kumar Das\.m2\repository\org\apache\poi\poi-ooxml\4.1.2\poi-ooxml-4.1.2.jar;C:\Users\Amit Kumar Das\.m2\repository\org\apache\poi\poi-ooxml-schemas\4.1.2\poi-ooxml-schemas-4.1.2.jar;C:\Users\Amit Kumar Das\.m2\repository\org\apache\xmlbeans\xmlbeans\3.1.0\xmlbeans-3.1.0.jar;C:\Users\Amit Kumar Das\.m2\repository\org\apache\commons\commons-compress\1.19\commons-compress-1.19.jar;C:\Users\Amit Kumar Das\.m2\repository\com\github\virtuald\curvesapi\1.06\curvesapi-1.06.jar;C:\Users\Amit Kumar Das\.m2\repository\commons-io\commons-io\2.7\commons-io-2.7.jar;"/>
    <property name="sun.cpu.endian" value="little"/>
    <property name="user.home" value="C:\Users\Amit Kumar Das"/>
    <property name="user.language" value="en"/>
    <property name="java.specification.vendor" value="Oracle Corporation"/>
    <property name="java.version.date" value="2019-07-16"/>
    <property name="java.home" value="C:\Program Files\Java\jdk-12.0.2"/>
    <property name="file.separator" value="\"/>
    <property name="basedir" value="C:\Users\Amit Kumar Das\git\EaseMyTrip"/>
    <property name="java.vm.compressedOopsMode" value="32-bit"/>
    <property name="line.separator" value="&#10;"/>
    <property name="java.vm.specification.vendor" value="Oracle Corporation"/>
    <property name="java.specification.name" value="Java Platform API Specification"/>
    <property name="java.awt.graphicsenv" value="sun.awt.Win32GraphicsEnvironment"/>
    <property name="surefire.real.class.path" value="C:\Users\Amit Kumar Das\AppData\Local\Temp\surefire10240663003325170688\surefirebooter8291307574375335591.jar"/>
    <property name="user.script" value=""/>
    <property name="sun.management.compiler" value="HotSpot 64-Bit Tiered Compilers"/>
    <property name="java.runtime.version" value="12.0.2+10"/>
    <property name="user.name" value="Amit Kumar Das"/>
    <property name="path.separator" value=";"/>
    <property name="os.version" value="10.0"/>
    <property name="java.runtime.name" value="Java(TM) SE Runtime Environment"/>
    <property name="file.encoding" value="Cp1252"/>
    <property name="java.vm.name" value="Java HotSpot(TM) 64-Bit Server VM"/>
    <property name="localRepository" value="C:\Users\Amit Kumar Das\.m2\repository"/>
    <property name="java.vendor.url.bug" value="https://bugreport.java.com/bugreport/"/>
    <property name="java.io.tmpdir" value="C:\Users\AMITKU~1\AppData\Local\Temp\"/>
    <property name="java.version" value="12.0.2"/>
    <property name="user.dir" value="C:\Users\Amit Kumar Das\git\EaseMyTrip"/>
    <property name="os.arch" value="amd64"/>
    <property name="java.vm.specification.name" value="Java Virtual Machine Specification"/>
    <property name="sun.os.patch.level" value=""/>
    <property name="java.library.path" value="C:\Program Files\Java\jdk-12.0.2\bin;C:\WINDOWS\Sun\Java\bin;C:\WINDOWS\system32;C:\WINDOWS;C:/Program Files/Java/jdk-12.0.2/bin/server;C:/Program Files/Java/jdk-12.0.2/bin;C:\Program Files (x86)\Common Files\Oracle\Java\javapath;C:\Program Files (x86)\Intel\Intel(R) Management Engine Components\iCLS\;C:\Program Files\Intel\Intel(R) Management Engine Components\iCLS\;C:\Windows\system32;C:\Windows;C:\Windows\System32\Wbem;C:\Windows\System32\WindowsPowerShell\v1.0\;C:\Program Files (x86)\NVIDIA Corporation\PhysX\Common;C:\Program Files\Intel\WiFi\bin\;C:\Program Files\Common Files\Intel\WirelessCommon\;C:\Program Files (x86)\Intel\Intel(R) Management Engine Components\DAL;C:\Program Files\Intel\Intel(R) Management Engine Components\DAL;C:\Program Files (x86)\Intel\Intel(R) Management Engine Components\IPT;C:\Program Files\Intel\Intel(R) Management Engine Components\IPT;C:\WINDOWS\system32;C:\WINDOWS;C:\WINDOWS\System32\Wbem;C:\WINDOWS\System32\WindowsPowerShell\v1.0\;C:\WINDOWS\System32\OpenSSH\;C:\Program Files\NVIDIA Corporation\NVIDIA NvDLISR;C:\Program Files\PuTTY\;C:\Android;C:\Program Files\Git\cmd;C:\Users\Amit Kumar Das\Downloads\apache-maven-3.6.3-bin\apache-maven-3.6.3\bin;C:\Program Files\Java\jdk-12.0.2\bin;C:\Program Files\nodejs\;C:\Program Files (x86)\Pulse Secure\VC142.CRT\X64\;C:\Program Files (x86)\Pulse Secure\VC142.CRT\X86\;C:\Users\Public\Anaconda3;C:\Users\Public\Anaconda3\Library\mingw-w64\bin;C:\Users\Public\Anaconda3\Library\usr\bin;C:\Users\Public\Anaconda3\Library\bin;C:\Users\Public\Anaconda3\Scripts;C:\Users\Amit Kumar Das\AppData\Local\Microsoft\WindowsApps;C:\Users\Amit Kumar Das\AppData\Local\GitHubDesktop\bin;C:\Program Files\Docker Toolbox;C:\Users\Amit Kumar Das\AppData\Local\Programs\Microsoft VS Code\bin;C:\Users\Amit Kumar Das\AppData\Roaming\npm;C:\WINDOWS\system32;;."/>
    <property name="java.vm.info" value="mixed mode, sharing"/>
    <property name="java.vendor" value="Oracle Corporation"/>
    <property name="java.vm.version" value="12.0.2+10"/>
    <property name="sun.io.unicode.encoding" value="UnicodeLittle"/>
    <property name="java.class.version" value="56.0"/>
  </properties>
  <testcase name="searchFlightTest[One Way, Kolkata, Pune, Tue Oct 06 00:00:00 IST 2020, Tue Oct 06 00:00:00 IST 2020, 1.0, Economy](1)" classname="com.EaseMyTrip.test.FlightTest" time="6.378">
    <system-out><![CDATA[User Agent: Mozilla/5.0 (X11; U; Linux i686; en-US; rv:1.9.2.9) Gecko/20100827 Red Hat/3.6.9-2.el6 Firefox/3.6.9
21:48:03.970 [main] INFO  com.EaseMyTrip.test.FlightTest - Driver is Initialized
21:48:13.473 [main] INFO  com.EaseMyTrip.test.FlightTest - Website opened successfully
21:48:13.962 [main] INFO  com.EaseMyTrip.test.FlightTest - -------------------Flight Search Details-----------------
21:48:13.962 [main] INFO  com.EaseMyTrip.test.FlightTest - Trip Type: One Way
21:48:13.962 [main] INFO  com.EaseMyTrip.test.FlightTest - Departure City: Kolkata
21:48:13.962 [main] INFO  com.EaseMyTrip.test.FlightTest - Arrival City: Pune
21:48:13.963 [main] INFO  com.EaseMyTrip.test.FlightTest - Departure Date: 06-10-2020
21:48:13.963 [main] INFO  com.EaseMyTrip.test.FlightTest - Arrival Date: 06-10-2020
21:48:13.963 [main] INFO  com.EaseMyTrip.test.FlightTest - Number of Travellers: 1.0
21:48:13.963 [main] INFO  com.EaseMyTrip.test.FlightTest - Flight Class: Economy
21:48:14.104 [main] INFO  com.EaseMyTrip.test.FlightTest - Trip Type selected
21:48:14.832 [main] INFO  com.EaseMyTrip.test.FlightTest - Departure City selected
21:48:15.512 [main] INFO  com.EaseMyTrip.test.FlightTest - Arrival city selected
21:48:15.920 [main] INFO  com.EaseMyTrip.test.FlightTest - Departure date selected
21:48:16.094 [main] INFO  com.EaseMyTrip.test.FlightTest - Number of travellers selected
21:48:16.391 [main] INFO  com.EaseMyTrip.test.FlightTest - Flight Class selected
21:48:20.157 [main] INFO  com.EaseMyTrip.test.FlightTest - Flight Details submitted for search criteria
21:48:20.157 [main] INFO  com.EaseMyTrip.test.FlightTest - Price Range: Rs. 0 - Rs. 0
21:48:20.157 [main] INFO  com.EaseMyTrip.test.FlightTest - ---------------------------------------------------------
]]></system-out>
    <system-err><![CDATA[Sep 02, 2020 9:48:00 PM org.openqa.selenium.remote.DesiredCapabilities chrome
INFO: Using `new ChromeOptions()` is preferred to `DesiredCapabilities.chrome()`
Starting ChromeDriver 85.0.4183.87 (cd6713ebf92fa1cacc0f1a598df280093af0c5d7-refs/branch-heads/4183@{#1689}) on port 20991
Only local connections are allowed.
Please see https://chromedriver.chromium.org/security-considerations for suggestions on keeping ChromeDriver safe.
ChromeDriver was started successfully.
Sep 02, 2020 9:48:03 PM org.openqa.selenium.remote.ProtocolHandshake createSession
INFO: Detected dialect: W3C
]]></system-err>
  </testcase>
  <testcase name="searchFlightTest[One Way, Pune, Kolkata, Tue Oct 06 00:00:00 IST 2020, Tue Oct 06 00:00:00 IST 2020, 1.0, Economy](2)" classname="com.EaseMyTrip.test.FlightTest" time="5.878">
    <system-out><![CDATA[21:48:20.342 [main] INFO  com.EaseMyTrip.test.FlightTest - -------------------Flight Search Details-----------------
21:48:20.342 [main] INFO  com.EaseMyTrip.test.FlightTest - Trip Type: One Way
21:48:20.342 [main] INFO  com.EaseMyTrip.test.FlightTest - Departure City: Pune
21:48:20.342 [main] INFO  com.EaseMyTrip.test.FlightTest - Arrival City: Kolkata
21:48:20.342 [main] INFO  com.EaseMyTrip.test.FlightTest - Departure Date: 06-10-2020
21:48:20.342 [main] INFO  com.EaseMyTrip.test.FlightTest - Arrival Date: 06-10-2020
21:48:20.342 [main] INFO  com.EaseMyTrip.test.FlightTest - Number of Travellers: 1.0
21:48:20.342 [main] INFO  com.EaseMyTrip.test.FlightTest - Flight Class: Economy
21:48:20.749 [main] INFO  com.EaseMyTrip.test.FlightTest - Trip Type selected
21:48:21.457 [main] INFO  com.EaseMyTrip.test.FlightTest - Departure City selected
21:48:22.124 [main] INFO  com.EaseMyTrip.test.FlightTest - Arrival city selected
21:48:22.328 [main] INFO  com.EaseMyTrip.test.FlightTest - Departure date selected
21:48:22.495 [main] INFO  com.EaseMyTrip.test.FlightTest - Number of travellers selected
21:48:22.745 [main] INFO  com.EaseMyTrip.test.FlightTest - Flight Class selected
21:48:26.210 [main] INFO  com.EaseMyTrip.test.FlightTest - Flight Details submitted for search criteria
21:48:26.210 [main] INFO  com.EaseMyTrip.test.FlightTest - Price Range: Rs. 5112 - Rs.12736
21:48:26.210 [main] INFO  com.EaseMyTrip.test.FlightTest - ---------------------------------------------------------
]]></system-out>
  </testcase>
  <testcase name="searchFlightTest[One Way, Delhi, Kota, Sat Nov 07 00:00:00 IST 2020, Sat Nov 07 00:00:00 IST 2020, 1.0, Economy](3)" classname="com.EaseMyTrip.test.FlightTest" time="11.38">
    <system-out><![CDATA[21:48:26.221 [main] INFO  com.EaseMyTrip.test.FlightTest - -------------------Flight Search Details-----------------
21:48:26.221 [main] INFO  com.EaseMyTrip.test.FlightTest - Trip Type: One Way
21:48:26.222 [main] INFO  com.EaseMyTrip.test.FlightTest - Departure City: Delhi
21:48:26.222 [main] INFO  com.EaseMyTrip.test.FlightTest - Arrival City: Kota
21:48:26.222 [main] INFO  com.EaseMyTrip.test.FlightTest - Departure Date: 07-11-2020
21:48:26.222 [main] INFO  com.EaseMyTrip.test.FlightTest - Arrival Date: 07-11-2020
21:48:26.222 [main] INFO  com.EaseMyTrip.test.FlightTest - Number of Travellers: 1.0
21:48:26.222 [main] INFO  com.EaseMyTrip.test.FlightTest - Flight Class: Economy
21:48:26.978 [main] INFO  com.EaseMyTrip.test.FlightTest - Trip Type selected
21:48:27.675 [main] INFO  com.EaseMyTrip.test.FlightTest - Departure City selected
21:48:28.333 [main] INFO  com.EaseMyTrip.test.FlightTest - Arrival city selected
21:48:28.637 [main] INFO  com.EaseMyTrip.test.FlightTest - Departure date selected
21:48:28.811 [main] INFO  com.EaseMyTrip.test.FlightTest - Number of travellers selected
21:48:29.076 [main] INFO  com.EaseMyTrip.test.FlightTest - Flight Class selected
21:48:37.572 [main] ERROR com.EaseMyTrip.test.FlightTest - Flight Details submission failed
21:48:37.572 [main] INFO  com.EaseMyTrip.test.FlightTest - ---------------------------------------------------------
]]></system-out>
    <system-err><![CDATA[org.openqa.selenium.StaleElementReferenceException: stale element reference: element is not attached to the page document
  (Session info: chrome=85.0.4183.83)
For documentation on this error, please visit: https://www.seleniumhq.org/exceptions/stale_element_reference.html
Build info: version: '3.141.59', revision: 'e82be7d358', time: '2018-11-14T08:17:03'
System info: host: 'MSI', ip: '192.168.99.1', os.name: 'Windows 10', os.arch: 'amd64', os.version: '10.0', java.version: '12.0.2'
Driver info: org.openqa.selenium.chrome.ChromeDriver
Capabilities {acceptInsecureCerts: false, browserName: chrome, browserVersion: 85.0.4183.83, chrome: {chromedriverVersion: 85.0.4183.87 (cd6713ebf92fa..., userDataDir: C:\Users\AMITKU~1\AppData\L...}, goog:chromeOptions: {debuggerAddress: localhost:54902}, javascriptEnabled: true, networkConnectionEnabled: false, pageLoadStrategy: normal, platform: WINDOWS, platformName: WINDOWS, proxy: Proxy(), setWindowRect: true, strictFileInteractability: false, timeouts: {implicit: 0, pageLoad: 300000, script: 30000}, unhandledPromptBehavior: dismiss and notify, webauthn:virtualAuthenticators: true}
Session ID: 8daf42867113524736c79d661e1cda3b
	at java.base/jdk.internal.reflect.NativeConstructorAccessorImpl.newInstance0(Native Method)
	at java.base/jdk.internal.reflect.NativeConstructorAccessorImpl.newInstance(NativeConstructorAccessorImpl.java:62)
	at java.base/jdk.internal.reflect.DelegatingConstructorAccessorImpl.newInstance(DelegatingConstructorAccessorImpl.java:45)
	at java.base/java.lang.reflect.Constructor.newInstanceWithCaller(Constructor.java:500)
	at java.base/java.lang.reflect.Constructor.newInstance(Constructor.java:481)
	at org.openqa.selenium.remote.http.W3CHttpResponseCodec.createException(W3CHttpResponseCodec.java:187)
	at org.openqa.selenium.remote.http.W3CHttpResponseCodec.decode(W3CHttpResponseCodec.java:122)
	at org.openqa.selenium.remote.http.W3CHttpResponseCodec.decode(W3CHttpResponseCodec.java:49)
	at org.openqa.selenium.remote.HttpCommandExecutor.execute(HttpCommandExecutor.java:158)
	at org.openqa.selenium.remote.service.DriverCommandExecutor.execute(DriverCommandExecutor.java:83)
	at org.openqa.selenium.remote.RemoteWebDriver.execute(RemoteWebDriver.java:552)
	at org.openqa.selenium.remote.RemoteWebElement.execute(RemoteWebElement.java:285)
	at org.openqa.selenium.remote.RemoteWebElement.isDisplayed(RemoteWebElement.java:326)
	at org.openqa.selenium.support.ui.ExpectedConditions.elementIfVisible(ExpectedConditions.java:314)
	at org.openqa.selenium.support.ui.ExpectedConditions.access$000(ExpectedConditions.java:43)
	at org.openqa.selenium.support.ui.ExpectedConditions$10.apply(ExpectedConditions.java:300)
	at org.openqa.selenium.support.ui.ExpectedConditions$10.apply(ExpectedConditions.java:297)
	at org.openqa.selenium.support.ui.FluentWait.until(FluentWait.java:249)
	at com.EaseMyTrip.businessLayer.Flight.submitSelection(Flight.java:157)
	at com.EaseMyTrip.test.FlightTest.searchFlightTest(FlightTest.java:136)
	at java.base/jdk.internal.reflect.NativeMethodAccessorImpl.invoke0(Native Method)
	at java.base/jdk.internal.reflect.NativeMethodAccessorImpl.invoke(NativeMethodAccessorImpl.java:62)
	at java.base/jdk.internal.reflect.DelegatingMethodAccessorImpl.invoke(DelegatingMethodAccessorImpl.java:43)
	at java.base/java.lang.reflect.Method.invoke(Method.java:567)
	at org.testng.internal.MethodInvocationHelper.invokeMethod(MethodInvocationHelper.java:132)
	at org.testng.internal.TestInvoker.invokeMethod(TestInvoker.java:599)
	at org.testng.internal.TestInvoker.invokeTestMethod(TestInvoker.java:174)
	at org.testng.internal.MethodRunner.runInSequence(MethodRunner.java:46)
	at org.testng.internal.TestInvoker$MethodInvocationAgent.invoke(TestInvoker.java:822)
	at org.testng.internal.TestInvoker.invokeTestMethods(TestInvoker.java:147)
	at org.testng.internal.TestMethodWorker.invokeTestMethods(TestMethodWorker.java:146)
	at org.testng.internal.TestMethodWorker.run(TestMethodWorker.java:128)
	at java.base/java.util.ArrayList.forEach(ArrayList.java:1540)
	at org.testng.TestRunner.privateRun(TestRunner.java:764)
	at org.testng.TestRunner.run(TestRunner.java:585)
	at org.testng.SuiteRunner.runTest(SuiteRunner.java:384)
	at org.testng.SuiteRunner.runSequentially(SuiteRunner.java:378)
	at org.testng.SuiteRunner.privateRun(SuiteRunner.java:337)
	at org.testng.SuiteRunner.run(SuiteRunner.java:286)
	at org.testng.SuiteRunnerWorker.runSuite(SuiteRunnerWorker.java:53)
	at org.testng.SuiteRunnerWorker.run(SuiteRunnerWorker.java:96)
	at org.testng.TestNG.runSuitesSequentially(TestNG.java:1218)
	at org.testng.TestNG.runSuitesLocally(TestNG.java:1140)
	at org.testng.TestNG.runSuites(TestNG.java:1069)
	at org.testng.TestNG.run(TestNG.java:1037)
	at org.apache.maven.surefire.testng.TestNGExecutor.run(TestNGExecutor.java:284)
	at org.apache.maven.surefire.testng.TestNGXmlTestSuite.execute(TestNGXmlTestSuite.java:75)
	at org.apache.maven.surefire.testng.TestNGProvider.invoke(TestNGProvider.java:119)
	at org.apache.maven.surefire.booter.ForkedBooter.runSuitesInProcess(ForkedBooter.java:428)
	at org.apache.maven.surefire.booter.ForkedBooter.execute(ForkedBooter.java:162)
	at org.apache.maven.surefire.booter.ForkedBooter.run(ForkedBooter.java:562)
	at org.apache.maven.surefire.booter.ForkedBooter.main(ForkedBooter.java:548)
]]></system-err>
  </testcase>
  <testcase name="searchFlightTest[One Way, Bangalore, Kolkata, Tue Dec 08 00:00:00 IST 2020, Tue Dec 08 00:00:00 IST 2020, 1.0, Economy](4)" classname="com.EaseMyTrip.test.FlightTest" time="5.417">
    <system-out><![CDATA[21:48:37.586 [main] INFO  com.EaseMyTrip.test.FlightTest - -------------------Flight Search Details-----------------
21:48:37.586 [main] INFO  com.EaseMyTrip.test.FlightTest - Trip Type: One Way
21:48:37.586 [main] INFO  com.EaseMyTrip.test.FlightTest - Departure City: Bangalore
21:48:37.586 [main] INFO  com.EaseMyTrip.test.FlightTest - Arrival City: Kolkata
21:48:37.586 [main] INFO  com.EaseMyTrip.test.FlightTest - Departure Date: 08-12-2020
21:48:37.586 [main] INFO  com.EaseMyTrip.test.FlightTest - Arrival Date: 08-12-2020
21:48:37.586 [main] INFO  com.EaseMyTrip.test.FlightTest - Number of Travellers: 1.0
21:48:37.587 [main] INFO  com.EaseMyTrip.test.FlightTest - Flight Class: Economy
21:48:38.342 [main] INFO  com.EaseMyTrip.test.FlightTest - Trip Type selected
21:48:39.108 [main] INFO  com.EaseMyTrip.test.FlightTest - Departure City selected
21:48:39.763 [main] INFO  com.EaseMyTrip.test.FlightTest - Arrival city selected
21:48:40.070 [main] INFO  com.EaseMyTrip.test.FlightTest - Departure date selected
21:48:40.240 [main] INFO  com.EaseMyTrip.test.FlightTest - Number of travellers selected
21:48:40.478 [main] INFO  com.EaseMyTrip.test.FlightTest - Flight Class selected
21:48:43.007 [main] INFO  com.EaseMyTrip.test.FlightTest - Flight Details submitted for search criteria
21:48:43.007 [main] INFO  com.EaseMyTrip.test.FlightTest - Price Range: Rs. 3695 - Rs.9248
21:48:43.007 [main] INFO  com.EaseMyTrip.test.FlightTest - ---------------------------------------------------------
]]></system-out>
  </testcase>
  <testcase name="searchFlightTest[One Way, Delhi, Bangalore, Wed Jan 20 00:00:00 IST 2021, Wed Jan 20 00:00:00 IST 2021, 1.0, Economy](5)" classname="com.EaseMyTrip.test.FlightTest" time="3.799">
    <system-out><![CDATA[21:48:43.017 [main] INFO  com.EaseMyTrip.test.FlightTest - -------------------Flight Search Details-----------------
21:48:43.017 [main] INFO  com.EaseMyTrip.test.FlightTest - Trip Type: One Way
21:48:43.017 [main] INFO  com.EaseMyTrip.test.FlightTest - Departure City: Delhi
21:48:43.017 [main] INFO  com.EaseMyTrip.test.FlightTest - Arrival City: Bangalore
21:48:43.017 [main] INFO  com.EaseMyTrip.test.FlightTest - Departure Date: 20-01-2021
21:48:43.017 [main] INFO  com.EaseMyTrip.test.FlightTest - Arrival Date: 20-01-2021
21:48:43.017 [main] INFO  com.EaseMyTrip.test.FlightTest - Number of Travellers: 1.0
21:48:43.017 [main] INFO  com.EaseMyTrip.test.FlightTest - Flight Class: Economy
21:48:43.843 [main] INFO  com.EaseMyTrip.test.FlightTest - Trip Type selected
21:48:44.524 [main] INFO  com.EaseMyTrip.test.FlightTest - Departure City selected
21:48:45.175 [main] INFO  com.EaseMyTrip.test.FlightTest - Arrival city selected
21:48:45.556 [main] INFO  com.EaseMyTrip.test.FlightTest - Departure date selected
21:48:45.728 [main] INFO  com.EaseMyTrip.test.FlightTest - Number of travellers selected
21:48:45.949 [main] INFO  com.EaseMyTrip.test.FlightTest - Flight Class selected
21:48:46.649 [main] INFO  com.EaseMyTrip.test.FlightTest - Flight Details submitted for search criteria
21:48:46.649 [main] INFO  com.EaseMyTrip.test.FlightTest - Price Range: 
21:48:46.650 [main] INFO  com.EaseMyTrip.test.FlightTest - ---------------------------------------------------------
]]></system-out>
  </testcase>
  <testcase name="searchFlightTest[One Way, Hyderabad, Ahmedabad, Sat Feb 20 00:00:00 IST 2021, Sat Feb 20 00:00:00 IST 2021, 1.0, Economy](6)" classname="com.EaseMyTrip.test.FlightTest" time="11.573">
    <failure type="java.lang.AssertionError"><![CDATA[java.lang.AssertionError
	at com.EaseMyTrip.test.FlightTest.searchFlightTest(FlightTest.java:89)
]]></failure>
    <system-out><![CDATA[21:48:46.816 [main] INFO  com.EaseMyTrip.test.FlightTest - -------------------Flight Search Details-----------------
21:48:46.816 [main] INFO  com.EaseMyTrip.test.FlightTest - Trip Type: One Way
21:48:46.817 [main] INFO  com.EaseMyTrip.test.FlightTest - Departure City: Hyderabad
21:48:46.817 [main] INFO  com.EaseMyTrip.test.FlightTest - Arrival City: Ahmedabad
21:48:46.817 [main] INFO  com.EaseMyTrip.test.FlightTest - Departure Date: 20-02-2021
21:48:46.817 [main] INFO  com.EaseMyTrip.test.FlightTest - Arrival Date: 20-02-2021
21:48:46.817 [main] INFO  com.EaseMyTrip.test.FlightTest - Number of Travellers: 1.0
21:48:46.817 [main] INFO  com.EaseMyTrip.test.FlightTest - Flight Class: Economy
21:48:47.224 [main] INFO  com.EaseMyTrip.test.FlightTest - Trip Type selected
21:48:48.000 [main] INFO  com.EaseMyTrip.test.FlightTest - Departure City selected
21:48:58.379 [main] ERROR com.EaseMyTrip.test.FlightTest - Arrival city selection failed
]]></system-out>
    <system-err><![CDATA[org.openqa.selenium.TimeoutException: Expected condition failed: waiting for visibility of all [[[ChromeDriver: chrome on WINDOWS (8daf42867113524736c79d661e1cda3b)] -> xpath: (//li[@class='ui-menu-item']/div[@tabindex='-1']/span[@class='ct'])[2]]] (tried for 10 second(s) with 500 milliseconds interval)
Build info: version: '3.141.59', revision: 'e82be7d358', time: '2018-11-14T08:17:03'
System info: host: 'MSI', ip: '192.168.99.1', os.name: 'Windows 10', os.arch: 'amd64', os.version: '10.0', java.version: '12.0.2'
Driver info: org.openqa.selenium.chrome.ChromeDriver
Capabilities {acceptInsecureCerts: false, browserName: chrome, browserVersion: 85.0.4183.83, chrome: {chromedriverVersion: 85.0.4183.87 (cd6713ebf92fa..., userDataDir: C:\Users\AMITKU~1\AppData\L...}, goog:chromeOptions: {debuggerAddress: localhost:54902}, javascriptEnabled: true, networkConnectionEnabled: false, pageLoadStrategy: normal, platform: WINDOWS, platformName: WINDOWS, proxy: Proxy(), setWindowRect: true, strictFileInteractability: false, timeouts: {implicit: 0, pageLoad: 300000, script: 30000}, unhandledPromptBehavior: dismiss and notify, webauthn:virtualAuthenticators: true}
Session ID: 8daf42867113524736c79d661e1cda3b
	at org.openqa.selenium.support.ui.WebDriverWait.timeoutException(WebDriverWait.java:95)
	at org.openqa.selenium.support.ui.FluentWait.until(FluentWait.java:272)
	at com.EaseMyTrip.businessLayer.Flight.selectArrivalCity(Flight.java:60)
	at com.EaseMyTrip.test.FlightTest.searchFlightTest(FlightTest.java:85)
	at java.base/jdk.internal.reflect.NativeMethodAccessorImpl.invoke0(Native Method)
	at java.base/jdk.internal.reflect.NativeMethodAccessorImpl.invoke(NativeMethodAccessorImpl.java:62)
	at java.base/jdk.internal.reflect.DelegatingMethodAccessorImpl.invoke(DelegatingMethodAccessorImpl.java:43)
	at java.base/java.lang.reflect.Method.invoke(Method.java:567)
	at org.testng.internal.MethodInvocationHelper.invokeMethod(MethodInvocationHelper.java:132)
	at org.testng.internal.TestInvoker.invokeMethod(TestInvoker.java:599)
	at org.testng.internal.TestInvoker.invokeTestMethod(TestInvoker.java:174)
	at org.testng.internal.MethodRunner.runInSequence(MethodRunner.java:46)
	at org.testng.internal.TestInvoker$MethodInvocationAgent.invoke(TestInvoker.java:822)
	at org.testng.internal.TestInvoker.invokeTestMethods(TestInvoker.java:147)
	at org.testng.internal.TestMethodWorker.invokeTestMethods(TestMethodWorker.java:146)
	at org.testng.internal.TestMethodWorker.run(TestMethodWorker.java:128)
	at java.base/java.util.ArrayList.forEach(ArrayList.java:1540)
	at org.testng.TestRunner.privateRun(TestRunner.java:764)
	at org.testng.TestRunner.run(TestRunner.java:585)
	at org.testng.SuiteRunner.runTest(SuiteRunner.java:384)
	at org.testng.SuiteRunner.runSequentially(SuiteRunner.java:378)
	at org.testng.SuiteRunner.privateRun(SuiteRunner.java:337)
	at org.testng.SuiteRunner.run(SuiteRunner.java:286)
	at org.testng.SuiteRunnerWorker.runSuite(SuiteRunnerWorker.java:53)
	at org.testng.SuiteRunnerWorker.run(SuiteRunnerWorker.java:96)
	at org.testng.TestNG.runSuitesSequentially(TestNG.java:1218)
	at org.testng.TestNG.runSuitesLocally(TestNG.java:1140)
	at org.testng.TestNG.runSuites(TestNG.java:1069)
	at org.testng.TestNG.run(TestNG.java:1037)
	at org.apache.maven.surefire.testng.TestNGExecutor.run(TestNGExecutor.java:284)
	at org.apache.maven.surefire.testng.TestNGXmlTestSuite.execute(TestNGXmlTestSuite.java:75)
	at org.apache.maven.surefire.testng.TestNGProvider.invoke(TestNGProvider.java:119)
	at org.apache.maven.surefire.booter.ForkedBooter.runSuitesInProcess(ForkedBooter.java:428)
	at org.apache.maven.surefire.booter.ForkedBooter.execute(ForkedBooter.java:162)
	at org.apache.maven.surefire.booter.ForkedBooter.run(ForkedBooter.java:562)
	at org.apache.maven.surefire.booter.ForkedBooter.main(ForkedBooter.java:548)
]]></system-err>
  </testcase>
  <testcase name="searchFlightTest[One Way, Bangalore, Hyderabad, Sat Mar 20 00:00:00 IST 2021, Sat Mar 20 00:00:00 IST 2021, 1.0, Economy](7)" classname="com.EaseMyTrip.test.FlightTest" time="1.307">
    <failure type="java.lang.AssertionError"><![CDATA[java.lang.AssertionError
	at com.EaseMyTrip.test.FlightTest.searchFlightTest(FlightTest.java:81)
]]></failure>
    <system-out><![CDATA[21:48:58.383 [main] INFO  com.EaseMyTrip.test.FlightTest - -------------------Flight Search Details-----------------
21:48:58.383 [main] INFO  com.EaseMyTrip.test.FlightTest - Trip Type: One Way
21:48:58.383 [main] INFO  com.EaseMyTrip.test.FlightTest - Departure City: Bangalore
21:48:58.383 [main] INFO  com.EaseMyTrip.test.FlightTest - Arrival City: Hyderabad
21:48:58.383 [main] INFO  com.EaseMyTrip.test.FlightTest - Departure Date: 20-03-2021
21:48:58.383 [main] INFO  com.EaseMyTrip.test.FlightTest - Arrival Date: 20-03-2021
21:48:58.383 [main] INFO  com.EaseMyTrip.test.FlightTest - Number of Travellers: 1.0
21:48:58.383 [main] INFO  com.EaseMyTrip.test.FlightTest - Flight Class: Economy
21:48:58.499 [main] INFO  com.EaseMyTrip.test.FlightTest - Trip Type selected
21:48:59.685 [main] ERROR com.EaseMyTrip.test.FlightTest - Departure City selection failed
]]></system-out>
    <system-err><![CDATA[org.openqa.selenium.StaleElementReferenceException: stale element reference: element is not attached to the page document
  (Session info: chrome=85.0.4183.83)
For documentation on this error, please visit: https://www.seleniumhq.org/exceptions/stale_element_reference.html
Build info: version: '3.141.59', revision: 'e82be7d358', time: '2018-11-14T08:17:03'
System info: host: 'MSI', ip: '192.168.99.1', os.name: 'Windows 10', os.arch: 'amd64', os.version: '10.0', java.version: '12.0.2'
Driver info: org.openqa.selenium.chrome.ChromeDriver
Capabilities {acceptInsecureCerts: false, browserName: chrome, browserVersion: 85.0.4183.83, chrome: {chromedriverVersion: 85.0.4183.87 (cd6713ebf92fa..., userDataDir: C:\Users\AMITKU~1\AppData\L...}, goog:chromeOptions: {debuggerAddress: localhost:54902}, javascriptEnabled: true, networkConnectionEnabled: false, pageLoadStrategy: normal, platform: WINDOWS, platformName: WINDOWS, proxy: Proxy(), setWindowRect: true, strictFileInteractability: false, timeouts: {implicit: 0, pageLoad: 300000, script: 30000}, unhandledPromptBehavior: dismiss and notify, webauthn:virtualAuthenticators: true}
Session ID: 8daf42867113524736c79d661e1cda3b
	at java.base/jdk.internal.reflect.NativeConstructorAccessorImpl.newInstance0(Native Method)
	at java.base/jdk.internal.reflect.NativeConstructorAccessorImpl.newInstance(NativeConstructorAccessorImpl.java:62)
	at java.base/jdk.internal.reflect.DelegatingConstructorAccessorImpl.newInstance(DelegatingConstructorAccessorImpl.java:45)
	at java.base/java.lang.reflect.Constructor.newInstanceWithCaller(Constructor.java:500)
	at java.base/java.lang.reflect.Constructor.newInstance(Constructor.java:481)
	at org.openqa.selenium.remote.http.W3CHttpResponseCodec.createException(W3CHttpResponseCodec.java:187)
	at org.openqa.selenium.remote.http.W3CHttpResponseCodec.decode(W3CHttpResponseCodec.java:122)
	at org.openqa.selenium.remote.http.W3CHttpResponseCodec.decode(W3CHttpResponseCodec.java:49)
	at org.openqa.selenium.remote.HttpCommandExecutor.execute(HttpCommandExecutor.java:158)
	at org.openqa.selenium.remote.service.DriverCommandExecutor.execute(DriverCommandExecutor.java:83)
	at org.openqa.selenium.remote.RemoteWebDriver.execute(RemoteWebDriver.java:552)
	at org.openqa.selenium.remote.RemoteWebElement.execute(RemoteWebElement.java:285)
	at org.openqa.selenium.remote.RemoteWebElement.isDisplayed(RemoteWebElement.java:326)
	at org.openqa.selenium.support.ui.ExpectedConditions$9.apply(ExpectedConditions.java:274)
	at org.openqa.selenium.support.ui.ExpectedConditions$9.apply(ExpectedConditions.java:270)
	at org.openqa.selenium.support.ui.FluentWait.until(FluentWait.java:249)
	at com.EaseMyTrip.businessLayer.Flight.selectDepartureCity(Flight.java:41)
	at com.EaseMyTrip.test.FlightTest.searchFlightTest(FlightTest.java:77)
	at java.base/jdk.internal.reflect.NativeMethodAccessorImpl.invoke0(Native Method)
	at java.base/jdk.internal.reflect.NativeMethodAccessorImpl.invoke(NativeMethodAccessorImpl.java:62)
	at java.base/jdk.internal.reflect.DelegatingMethodAccessorImpl.invoke(DelegatingMethodAccessorImpl.java:43)
	at java.base/java.lang.reflect.Method.invoke(Method.java:567)
	at org.testng.internal.MethodInvocationHelper.invokeMethod(MethodInvocationHelper.java:132)
	at org.testng.internal.TestInvoker.invokeMethod(TestInvoker.java:599)
	at org.testng.internal.TestInvoker.invokeTestMethod(TestInvoker.java:174)
	at org.testng.internal.MethodRunner.runInSequence(MethodRunner.java:46)
	at org.testng.internal.TestInvoker$MethodInvocationAgent.invoke(TestInvoker.java:822)
	at org.testng.internal.TestInvoker.invokeTestMethods(TestInvoker.java:147)
	at org.testng.internal.TestMethodWorker.invokeTestMethods(TestMethodWorker.java:146)
	at org.testng.internal.TestMethodWorker.run(TestMethodWorker.java:128)
	at java.base/java.util.ArrayList.forEach(ArrayList.java:1540)
	at org.testng.TestRunner.privateRun(TestRunner.java:764)
	at org.testng.TestRunner.run(TestRunner.java:585)
	at org.testng.SuiteRunner.runTest(SuiteRunner.java:384)
	at org.testng.SuiteRunner.runSequentially(SuiteRunner.java:378)
	at org.testng.SuiteRunner.privateRun(SuiteRunner.java:337)
	at org.testng.SuiteRunner.run(SuiteRunner.java:286)
	at org.testng.SuiteRunnerWorker.runSuite(SuiteRunnerWorker.java:53)
	at org.testng.SuiteRunnerWorker.run(SuiteRunnerWorker.java:96)
	at org.testng.TestNG.runSuitesSequentially(TestNG.java:1218)
	at org.testng.TestNG.runSuitesLocally(TestNG.java:1140)
	at org.testng.TestNG.runSuites(TestNG.java:1069)
	at org.testng.TestNG.run(TestNG.java:1037)
	at org.apache.maven.surefire.testng.TestNGExecutor.run(TestNGExecutor.java:284)
	at org.apache.maven.surefire.testng.TestNGXmlTestSuite.execute(TestNGXmlTestSuite.java:75)
	at org.apache.maven.surefire.testng.TestNGProvider.invoke(TestNGProvider.java:119)
	at org.apache.maven.surefire.booter.ForkedBooter.runSuitesInProcess(ForkedBooter.java:428)
	at org.apache.maven.surefire.booter.ForkedBooter.execute(ForkedBooter.java:162)
	at org.apache.maven.surefire.booter.ForkedBooter.run(ForkedBooter.java:562)
	at org.apache.maven.surefire.booter.ForkedBooter.main(ForkedBooter.java:548)
]]></system-err>
  </testcase>
</testsuite>