<?xml version="1.0" encoding="UTF-8"?>
<testsuite xmlns:xsi="http://www.w3.org/2001/XMLSchema-instance" xsi:noNamespaceSchemaLocation="https://maven.apache.org/surefire/maven-surefire-plugin/xsd/surefire-test-report-3.0.xsd" version="3.0" name="TestSuite" time="31.936" tests="7" errors="0" skipped="0" failures="0">
  <properties>
    <property name="sun.desktop" value="windows"/>
    <property name="awt.toolkit" value="sun.awt.windows.WToolkit"/>
    <property name="java.specification.version" value="12"/>
    <property name="webdriver.chrome.driver" value="C:\Users\Amit Kumar Das\git\EaseMyTrip/src/main/java/com/EaseMyTrip/resources/chromedriver.exe"/>
    <property name="sun.cpu.isalist" value="amd64"/>
    <property name="sun.jnu.encoding" value="Cp1252"/>
    <property name="java.class.path" value="C:\Users\Amit Kumar Das\git\EaseMyTrip\target\test-classes;C:\Users\Amit Kumar Das\git\EaseMyTrip\target\classes;C:\Users\Amit Kumar Das\.m2\repository\org\jsoup\jsoup\1.13.1\jsoup-1.13.1.jar;C:\Users\Amit Kumar Das\.m2\repository\javax\mail\javax.mail-api\1.6.2\javax.mail-api-1.6.2.jar;C:\Users\Amit Kumar Das\.m2\repository\com\sun\mail\javax.mail\1.6.2\javax.mail-1.6.2.jar;C:\Users\Amit Kumar Das\.m2\repository\javax\activation\activation\1.1.1\activation-1.1.1.jar;C:\Users\Amit Kumar Das\.m2\repository\junit\junit\4.11\junit-4.11.jar;C:\Users\Amit Kumar Das\.m2\repository\org\hamcrest\hamcrest-core\1.3\hamcrest-core-1.3.jar;C:\Users\Amit Kumar Das\.m2\repository\org\seleniumhq\selenium\selenium-java\3.141.59\selenium-java-3.141.59.jar;C:\Users\Amit Kumar Das\.m2\repository\org\seleniumhq\selenium\selenium-api\3.141.59\selenium-api-3.141.59.jar;C:\Users\Amit Kumar Das\.m2\repository\org\seleniumhq\selenium\selenium-edge-driver\3.141.59\selenium-edge-driver-3.141.59.jar;C:\Users\Amit Kumar Das\.m2\repository\org\seleniumhq\selenium\selenium-firefox-driver\3.141.59\selenium-firefox-driver-3.141.59.jar;C:\Users\Amit Kumar Das\.m2\repository\org\seleniumhq\selenium\selenium-ie-driver\3.141.59\selenium-ie-driver-3.141.59.jar;C:\Users\Amit Kumar Das\.m2\repository\org\seleniumhq\selenium\selenium-opera-driver\3.141.59\selenium-opera-driver-3.141.59.jar;C:\Users\Amit Kumar Das\.m2\repository\org\seleniumhq\selenium\selenium-remote-driver\3.141.59\selenium-remote-driver-3.141.59.jar;C:\Users\Amit Kumar Das\.m2\repository\org\seleniumhq\selenium\selenium-safari-driver\3.141.59\selenium-safari-driver-3.141.59.jar;C:\Users\Amit Kumar Das\.m2\repository\org\seleniumhq\selenium\selenium-support\3.141.59\selenium-support-3.141.59.jar;C:\Users\Amit Kumar Das\.m2\repository\net\bytebuddy\byte-buddy\1.8.15\byte-buddy-1.8.15.jar;C:\Users\Amit Kumar Das\.m2\repository\org\apache\commons\commons-exec\1.3\commons-exec-1.3.jar;C:\Users\Amit Kumar Das\.m2\repository\com\google\guava\guava\25.0-jre\guava-25.0-jre.jar;C:\Users\Amit Kumar Das\.m2\repository\com\google\code\findbugs\jsr305\1.3.9\jsr305-1.3.9.jar;C:\Users\Amit Kumar Das\.m2\repository\org\checkerframework\checker-compat-qual\2.0.0\checker-compat-qual-2.0.0.jar;C:\Users\Amit Kumar Das\.m2\repository\com\google\errorprone\error_prone_annotations\2.1.3\error_prone_annotations-2.1.3.jar;C:\Users\Amit Kumar Das\.m2\repository\com\google\j2objc\j2objc-annotations\1.1\j2objc-annotations-1.1.jar;C:\Users\Amit Kumar Das\.m2\repository\org\codehaus\mojo\animal-sniffer-annotations\1.14\animal-sniffer-annotations-1.14.jar;C:\Users\Amit Kumar Das\.m2\repository\com\squareup\okhttp3\okhttp\3.11.0\okhttp-3.11.0.jar;C:\Users\Amit Kumar Das\.m2\repository\com\squareup\okio\okio\1.14.0\okio-1.14.0.jar;C:\Users\Amit Kumar Das\.m2\repository\org\testng\testng\7.3.0\testng-7.3.0.jar;C:\Users\Amit Kumar Das\.m2\repository\com\beust\jcommander\1.78\jcommander-1.78.jar;C:\Users\Amit Kumar Das\.m2\repository\org\apache\ant\ant\1.10.3\ant-1.10.3.jar;C:\Users\Amit Kumar Das\.m2\repository\org\apache\ant\ant-launcher\1.10.3\ant-launcher-1.10.3.jar;C:\Users\Amit Kumar Das\.m2\repository\com\google\inject\guice\4.2.2\guice-4.2.2-no_aop.jar;C:\Users\Amit Kumar Das\.m2\repository\javax\inject\javax.inject\1\javax.inject-1.jar;C:\Users\Amit Kumar Das\.m2\repository\aopalliance\aopalliance\1.0\aopalliance-1.0.jar;C:\Users\Amit Kumar Das\.m2\repository\org\yaml\snakeyaml\1.21\snakeyaml-1.21.jar;C:\Users\Amit Kumar Das\.m2\repository\org\apache\logging\log4j\log4j-core\2.13.3\log4j-core-2.13.3.jar;C:\Users\Amit Kumar Das\.m2\repository\org\apache\logging\log4j\log4j-api\2.13.3\log4j-api-2.13.3.jar;C:\Users\Amit Kumar Das\.m2\repository\org\seleniumhq\selenium\selenium-chrome-driver\3.141.59\selenium-chrome-driver-3.141.59.jar;C:\Users\Amit Kumar Das\.m2\repository\org\seleniumhq\selenium\selenium-server\3.141.59\selenium-server-3.141.59.jar;C:\Users\Amit Kumar Das\.m2\repository\net\jcip\jcip-annotations\1.0\jcip-annotations-1.0.jar;C:\Users\Amit Kumar Das\.m2\repository\org\seleniumhq\selenium\jetty-repacked\9.4.12.v20180830\jetty-repacked-9.4.12.v20180830.jar;C:\Users\Amit Kumar Das\.m2\repository\javax\servlet\javax.servlet-api\3.1.0\javax.servlet-api-3.1.0.jar;C:\Users\Amit Kumar Das\.m2\repository\org\apache\poi\poi\4.1.2\poi-4.1.2.jar;C:\Users\Amit Kumar Das\.m2\repository\commons-codec\commons-codec\1.13\commons-codec-1.13.jar;C:\Users\Amit Kumar Das\.m2\repository\org\apache\commons\commons-collections4\4.4\commons-collections4-4.4.jar;C:\Users\Amit Kumar Das\.m2\repository\org\apache\commons\commons-math3\3.6.1\commons-math3-3.6.1.jar;C:\Users\Amit Kumar Das\.m2\repository\com\zaxxer\SparseBitSet\1.2\SparseBitSet-1.2.jar;C:\Users\Amit Kumar Das\.m2\repository\org\apache\poi\poi-ooxml\4.1.2\poi-ooxml-4.1.2.jar;C:\Users\Amit Kumar Das\.m2\repository\org\apache\poi\poi-ooxml-schemas\4.1.2\poi-ooxml-schemas-4.1.2.jar;C:\Users\Amit Kumar Das\.m2\repository\org\apache\xmlbeans\xmlbeans\3.1.0\xmlbeans-3.1.0.jar;C:\Users\Amit Kumar Das\.m2\repository\org\apache\commons\commons-compress\1.19\commons-compress-1.19.jar;C:\Users\Amit Kumar Das\.m2\repository\com\github\virtuald\curvesapi\1.06\curvesapi-1.06.jar;C:\Users\Amit Kumar Das\.m2\repository\commons-io\commons-io\2.7\commons-io-2.7.jar;"/>
    <property name="java.vm.vendor" value="Oracle Corporation"/>
    <property name="sun.arch.data.model" value="64"/>
    <property name="user.variant" value=""/>
    <property name="java.vendor.url" value="https://java.oracle.com/"/>
    <property name="user.timezone" value="Asia/Calcutta"/>
    <property name="os.name" value="Windows 10"/>
    <property name="java.vm.specification.version" value="12"/>
    <property name="sun.java.launcher" value="SUN_STANDARD"/>
    <property name="user.country" value="IN"/>
    <property name="sun.boot.library.path" value="C:\Program Files\Java\jdk-12.0.2\bin"/>
    <property name="sun.java.command" value="C:\Users\Amit Kumar Das\AppData\Local\Temp\surefire7629179929887611350\surefirebooter1976299114110963198.jar C:\Users\Amit Kumar Das\AppData\Local\Temp\surefire7629179929887611350 2020-09-02T09-42-51_658-jvmRun1 surefire15243923485379765826tmp surefire_010523102541096128861tmp"/>
    <property name="jdk.debug" value="release"/>
    <property name="surefire.test.class.path" value="C:\Users\Amit Kumar Das\git\EaseMyTrip\target\test-classes;C:\Users\Amit Kumar Das\git\EaseMyTrip\target\classes;C:\Users\Amit Kumar Das\.m2\repository\org\jsoup\jsoup\1.13.1\jsoup-1.13.1.jar;C:\Users\Amit Kumar Das\.m2\repository\javax\mail\javax.mail-api\1.6.2\javax.mail-api-1.6.2.jar;C:\Users\Amit Kumar Das\.m2\repository\com\sun\mail\javax.mail\1.6.2\javax.mail-1.6.2.jar;C:\Users\Amit Kumar Das\.m2\repository\javax\activation\activation\1.1.1\activation-1.1.1.jar;C:\Users\Amit Kumar Das\.m2\repository\junit\junit\4.11\junit-4.11.jar;C:\Users\Amit Kumar Das\.m2\repository\org\hamcrest\hamcrest-core\1.3\hamcrest-core-1.3.jar;C:\Users\Amit Kumar Das\.m2\repository\org\seleniumhq\selenium\selenium-java\3.141.59\selenium-java-3.141.59.jar;C:\Users\Amit Kumar Das\.m2\repository\org\seleniumhq\selenium\selenium-api\3.141.59\selenium-api-3.141.59.jar;C:\Users\Amit Kumar Das\.m2\repository\org\seleniumhq\selenium\selenium-edge-driver\3.141.59\selenium-edge-driver-3.141.59.jar;C:\Users\Amit Kumar Das\.m2\repository\org\seleniumhq\selenium\selenium-firefox-driver\3.141.59\selenium-firefox-driver-3.141.59.jar;C:\Users\Amit Kumar Das\.m2\repository\org\seleniumhq\selenium\selenium-ie-driver\3.141.59\selenium-ie-driver-3.141.59.jar;C:\Users\Amit Kumar Das\.m2\repository\org\seleniumhq\selenium\selenium-opera-driver\3.141.59\selenium-opera-driver-3.141.59.jar;C:\Users\Amit Kumar Das\.m2\repository\org\seleniumhq\selenium\selenium-remote-driver\3.141.59\selenium-remote-driver-3.141.59.jar;C:\Users\Amit Kumar Das\.m2\repository\org\seleniumhq\selenium\selenium-safari-driver\3.141.59\selenium-safari-driver-3.141.59.jar;C:\Users\Amit Kumar Das\.m2\repository\org\seleniumhq\selenium\selenium-support\3.141.59\selenium-support-3.141.59.jar;C:\Users\Amit Kumar Das\.m2\repository\net\bytebuddy\byte-buddy\1.8.15\byte-buddy-1.8.15.jar;C:\Users\Amit Kumar Das\.m2\repository\org\apache\commons\commons-exec\1.3\commons-exec-1.3.jar;C:\Users\Amit Kumar Das\.m2\repository\com\google\guava\guava\25.0-jre\guava-25.0-jre.jar;C:\Users\Amit Kumar Das\.m2\repository\com\google\code\findbugs\jsr305\1.3.9\jsr305-1.3.9.jar;C:\Users\Amit Kumar Das\.m2\repository\org\checkerframework\checker-compat-qual\2.0.0\checker-compat-qual-2.0.0.jar;C:\Users\Amit Kumar Das\.m2\repository\com\google\errorprone\error_prone_annotations\2.1.3\error_prone_annotations-2.1.3.jar;C:\Users\Amit Kumar Das\.m2\repository\com\google\j2objc\j2objc-annotations\1.1\j2objc-annotations-1.1.jar;C:\Users\Amit Kumar Das\.m2\repository\org\codehaus\mojo\animal-sniffer-annotations\1.14\animal-sniffer-annotations-1.14.jar;C:\Users\Amit Kumar Das\.m2\repository\com\squareup\okhttp3\okhttp\3.11.0\okhttp-3.11.0.jar;C:\Users\Amit Kumar Das\.m2\repository\com\squareup\okio\okio\1.14.0\okio-1.14.0.jar;C:\Users\Amit Kumar Das\.m2\repository\org\testng\testng\7.3.0\testng-7.3.0.jar;C:\Users\Amit Kumar Das\.m2\repository\com\beust\jcommander\1.78\jcommander-1.78.jar;C:\Users\Amit Kumar Das\.m2\repository\org\apache\ant\ant\1.10.3\ant-1.10.3.jar;C:\Users\Amit Kumar Das\.m2\repository\org\apache\ant\ant-launcher\1.10.3\ant-launcher-1.10.3.jar;C:\Users\Amit Kumar Das\.m2\repository\com\google\inject\guice\4.2.2\guice-4.2.2-no_aop.jar;C:\Users\Amit Kumar Das\.m2\repository\javax\inject\javax.inject\1\javax.inject-1.jar;C:\Users\Amit Kumar Das\.m2\repository\aopalliance\aopalliance\1.0\aopalliance-1.0.jar;C:\Users\Amit Kumar Das\.m2\repository\org\yaml\snakeyaml\1.21\snakeyaml-1.21.jar;C:\Users\Amit Kumar Das\.m2\repository\org\apache\logging\log4j\log4j-core\2.13.3\log4j-core-2.13.3.jar;C:\Users\Amit Kumar Das\.m2\repository\org\apache\logging\log4j\log4j-api\2.13.3\log4j-api-2.13.3.jar;C:\Users\Amit Kumar Das\.m2\repository\org\seleniumhq\selenium\selenium-chrome-driver\3.141.59\selenium-chrome-driver-3.141.59.jar;C:\Users\Amit Kumar Das\.m2\repository\org\seleniumhq\selenium\selenium-server\3.141.59\selenium-server-3.141.59.jar;C:\Users\Amit Kumar Das\.m2\repository\net\jcip\jcip-annotations\1.0\jcip-annotations-1.0.jar;C:\Users\Amit Kumar Das\.m2\repository\org\seleniumhq\selenium\jetty-repacked\9.4.12.v20180830\jetty-repacked-9.4.12.v20180830.jar;C:\Users\Amit Kumar Das\.m2\repository\javax\servlet\javax.servlet-api\3.1.0\javax.servlet-api-3.1.0.jar;C:\Users\Amit Kumar Das\.m2\repository\org\apache\poi\poi\4.1.2\poi-4.1.2.jar;C:\Users\Amit Kumar Das\.m2\repository\commons-codec\commons-codec\1.13\commons-codec-1.13.jar;C:\Users\Amit Kumar Das\.m2\repository\org\apache\commons\commons-collections4\4.4\commons-collections4-4.4.jar;C:\Users\Amit Kumar Das\.m2\repository\org\apache\commons\commons-math3\3.6.1\commons-math3-3.6.1.jar;C:\Users\Amit Kumar Das\.m2\repository\com\zaxxer\SparseBitSet\1.2\SparseBitSet-1.2.jar;C:\Users\Amit Kumar Das\.m2\repository\org\apache\poi\poi-ooxml\4.1.2\poi-ooxml-4.1.2.jar;C:\Users\Amit Kumar Das\.m2\repository\org\apache\poi\poi-ooxml-schemas\4.1.2\poi-ooxml-schemas-4.1.2.jar;C:\Users\Amit Kumar Das\.m2\repository\org\apache\xmlbeans\xmlbeans\3.1.0\xmlbeans-3.1.0.jar;C:\Users\Amit Kumar Das\.m2\repository\org\apache\commons\commons-compress\1.19\commons-compress-1.19.jar;C:\Users\Amit Kumar Das\.m2\repository\com\github\virtuald\curvesapi\1.06\curvesapi-1.06.jar;C:\Users\Amit Kumar Das\.m2\repository\commons-io\commons-io\2.7\commons-io-2.7.jar;"/>
    <property name="sun.cpu.endian" value="little"/>
    <property name="user.home" value="C:\Users\Amit Kumar Das"/>
    <property name="user.language" value="en"/>
    <property name="java.specification.vendor" value="Oracle Corporation"/>
    <property name="java.version.date" value="2019-07-16"/>
    <property name="java.home" value="C:\Program Files\Java\jdk-12.0.2"/>
    <property name="file.separator" value="\"/>
    <property name="basedir" value="C:\Users\Amit Kumar Das\git\EaseMyTrip"/>
    <property name="java.vm.compressedOopsMode" value="32-bit"/>
    <property name="line.separator" value="&#10;"/>
    <property name="java.vm.specification.vendor" value="Oracle Corporation"/>
    <property name="java.specification.name" value="Java Platform API Specification"/>
    <property name="java.awt.graphicsenv" value="sun.awt.Win32GraphicsEnvironment"/>
    <property name="surefire.real.class.path" value="C:\Users\Amit Kumar Das\AppData\Local\Temp\surefire7629179929887611350\surefirebooter1976299114110963198.jar"/>
    <property name="user.script" value=""/>
    <property name="sun.management.compiler" value="HotSpot 64-Bit Tiered Compilers"/>
    <property name="java.runtime.version" value="12.0.2+10"/>
    <property name="user.name" value="Amit Kumar Das"/>
    <property name="path.separator" value=";"/>
    <property name="os.version" value="10.0"/>
    <property name="java.runtime.name" value="Java(TM) SE Runtime Environment"/>
    <property name="file.encoding" value="Cp1252"/>
    <property name="java.vm.name" value="Java HotSpot(TM) 64-Bit Server VM"/>
    <property name="localRepository" value="C:\Users\Amit Kumar Das\.m2\repository"/>
    <property name="java.vendor.url.bug" value="https://bugreport.java.com/bugreport/"/>
    <property name="java.io.tmpdir" value="C:\Users\AMITKU~1\AppData\Local\Temp\"/>
    <property name="java.version" value="12.0.2"/>
    <property name="user.dir" value="C:\Users\Amit Kumar Das\git\EaseMyTrip"/>
    <property name="os.arch" value="amd64"/>
    <property name="java.vm.specification.name" value="Java Virtual Machine Specification"/>
    <property name="sun.os.patch.level" value=""/>
    <property name="java.library.path" value="C:\Program Files\Java\jdk-12.0.2\bin;C:\WINDOWS\Sun\Java\bin;C:\WINDOWS\system32;C:\WINDOWS;C:/Program Files/Java/jdk-12.0.2/bin/server;C:/Program Files/Java/jdk-12.0.2/bin;C:\Program Files (x86)\Common Files\Oracle\Java\javapath;C:\Program Files (x86)\Intel\Intel(R) Management Engine Components\iCLS\;C:\Program Files\Intel\Intel(R) Management Engine Components\iCLS\;C:\Windows\system32;C:\Windows;C:\Windows\System32\Wbem;C:\Windows\System32\WindowsPowerShell\v1.0\;C:\Program Files (x86)\NVIDIA Corporation\PhysX\Common;C:\Program Files\Intel\WiFi\bin\;C:\Program Files\Common Files\Intel\WirelessCommon\;C:\Program Files (x86)\Intel\Intel(R) Management Engine Components\DAL;C:\Program Files\Intel\Intel(R) Management Engine Components\DAL;C:\Program Files (x86)\Intel\Intel(R) Management Engine Components\IPT;C:\Program Files\Intel\Intel(R) Management Engine Components\IPT;C:\WINDOWS\system32;C:\WINDOWS;C:\WINDOWS\System32\Wbem;C:\WINDOWS\System32\WindowsPowerShell\v1.0\;C:\WINDOWS\System32\OpenSSH\;C:\Program Files\NVIDIA Corporation\NVIDIA NvDLISR;C:\Program Files\PuTTY\;C:\Android;C:\Program Files\Git\cmd;C:\Users\Amit Kumar Das\Downloads\apache-maven-3.6.3-bin\apache-maven-3.6.3\bin;C:\Program Files\Java\jdk-12.0.2\bin;C:\Program Files\nodejs\;C:\Program Files (x86)\Pulse Secure\VC142.CRT\X64\;C:\Program Files (x86)\Pulse Secure\VC142.CRT\X86\;C:\Users\Public\Anaconda3;C:\Users\Public\Anaconda3\Library\mingw-w64\bin;C:\Users\Public\Anaconda3\Library\usr\bin;C:\Users\Public\Anaconda3\Library\bin;C:\Users\Public\Anaconda3\Scripts;C:\Users\Amit Kumar Das\AppData\Local\Microsoft\WindowsApps;C:\Users\Amit Kumar Das\AppData\Local\GitHubDesktop\bin;C:\Program Files\Docker Toolbox;C:\Users\Amit Kumar Das\AppData\Local\Programs\Microsoft VS Code\bin;C:\Users\Amit Kumar Das\AppData\Roaming\npm;C:\WINDOWS\system32;;."/>
    <property name="java.vm.info" value="mixed mode, sharing"/>
    <property name="java.vendor" value="Oracle Corporation"/>
    <property name="java.vm.version" value="12.0.2+10"/>
    <property name="sun.io.unicode.encoding" value="UnicodeLittle"/>
    <property name="java.class.version" value="56.0"/>
  </properties>
  <testcase name="searchFlightTest[One Way, Kolkata, Pune, Tue Oct 06 00:00:00 IST 2020, Tue Oct 06 00:00:00 IST 2020, 1.0, Economy](1)" classname="com.EaseMyTrip.test.FlightTest" time="2.388">
    <system-out><![CDATA[User Agent: Mozilla/5.0 (X11; Linux i686) AppleWebKit/534.24 (KHTML, like Gecko) Ubuntu/10.10 Chromium/12.0.702.0 Chrome/12.0.702.0 Safari/534.24
09:42:56.881 [main] INFO  com.EaseMyTrip.test.FlightTest - Driver is Initialized
09:43:02.667 [main] INFO  com.EaseMyTrip.test.FlightTest - Website opened successfully
09:43:03.123 [main] INFO  com.EaseMyTrip.test.FlightTest - -------------------Flight Search Details-----------------
09:43:03.124 [main] INFO  com.EaseMyTrip.test.FlightTest - Trip Type: One Way
09:43:03.124 [main] INFO  com.EaseMyTrip.test.FlightTest - Departure City: Kolkata
09:43:03.124 [main] INFO  com.EaseMyTrip.test.FlightTest - Arrival City: Pune
09:43:03.124 [main] INFO  com.EaseMyTrip.test.FlightTest - Departure Date: 06-10-2020
09:43:03.124 [main] INFO  com.EaseMyTrip.test.FlightTest - Arrival Date: 06-10-2020
09:43:03.124 [main] INFO  com.EaseMyTrip.test.FlightTest - Number of Travellers: 1.0
09:43:03.124 [main] INFO  com.EaseMyTrip.test.FlightTest - Flight Class: Economy
09:43:03.237 [main] INFO  com.EaseMyTrip.test.FlightTest - Trip Type selected
09:43:03.977 [main] INFO  com.EaseMyTrip.test.FlightTest - Departure City selected
09:43:04.751 [main] INFO  com.EaseMyTrip.test.FlightTest - Arrival city selected
09:43:05.066 [main] INFO  com.EaseMyTrip.test.FlightTest - Departure date selected
09:43:05.249 [main] INFO  com.EaseMyTrip.test.FlightTest - Number of travellers selected
09:43:05.505 [main] INFO  com.EaseMyTrip.test.FlightTest - Flight Class selected
09:43:05.505 [main] INFO  com.EaseMyTrip.test.FlightTest - ---------------------------------------------------------
]]></system-out>
    <system-err><![CDATA[Sep 02, 2020 9:42:53 AM org.openqa.selenium.remote.DesiredCapabilities chrome
INFO: Using `new ChromeOptions()` is preferred to `DesiredCapabilities.chrome()`
Starting ChromeDriver 85.0.4183.87 (cd6713ebf92fa1cacc0f1a598df280093af0c5d7-refs/branch-heads/4183@{#1689}) on port 10869
Only local connections are allowed.
Please see https://chromedriver.chromium.org/security-considerations for suggestions on keeping ChromeDriver safe.
ChromeDriver was started successfully.
Sep 02, 2020 9:42:56 AM org.openqa.selenium.remote.ProtocolHandshake createSession
INFO: Detected dialect: W3C
]]></system-err>
  </testcase>
  <testcase name="searchFlightTest[One Way, Pune, Kolkata, Tue Oct 06 00:00:00 IST 2020, Tue Oct 06 00:00:00 IST 2020, 1.0, Economy](2)" classname="com.EaseMyTrip.test.FlightTest" time="2.959">
    <system-out><![CDATA[09:43:05.514 [main] INFO  com.EaseMyTrip.test.FlightTest - -------------------Flight Search Details-----------------
09:43:05.514 [main] INFO  com.EaseMyTrip.test.FlightTest - Trip Type: One Way
09:43:05.514 [main] INFO  com.EaseMyTrip.test.FlightTest - Departure City: Pune
09:43:05.514 [main] INFO  com.EaseMyTrip.test.FlightTest - Arrival City: Kolkata
09:43:05.514 [main] INFO  com.EaseMyTrip.test.FlightTest - Departure Date: 06-10-2020
09:43:05.515 [main] INFO  com.EaseMyTrip.test.FlightTest - Arrival Date: 06-10-2020
09:43:05.515 [main] INFO  com.EaseMyTrip.test.FlightTest - Number of Travellers: 1.0
09:43:05.515 [main] INFO  com.EaseMyTrip.test.FlightTest - Flight Class: Economy
09:43:06.344 [main] INFO  com.EaseMyTrip.test.FlightTest - Trip Type selected
09:43:07.102 [main] INFO  com.EaseMyTrip.test.FlightTest - Departure City selected
09:43:07.826 [main] INFO  com.EaseMyTrip.test.FlightTest - Arrival city selected
09:43:08.044 [main] INFO  com.EaseMyTrip.test.FlightTest - Departure date selected
09:43:08.214 [main] INFO  com.EaseMyTrip.test.FlightTest - Number of travellers selected
09:43:08.467 [main] INFO  com.EaseMyTrip.test.FlightTest - Flight Class selected
09:43:08.467 [main] INFO  com.EaseMyTrip.test.FlightTest - ---------------------------------------------------------
]]></system-out>
  </testcase>
  <testcase name="searchFlightTest[One Way, Delhi, Kota, Sat Nov 07 00:00:00 IST 2020, Sat Nov 07 00:00:00 IST 2020, 1.0, Economy](3)" classname="com.EaseMyTrip.test.FlightTest" time="2.917">
    <system-out><![CDATA[09:43:08.474 [main] INFO  com.EaseMyTrip.test.FlightTest - -------------------Flight Search Details-----------------
09:43:08.474 [main] INFO  com.EaseMyTrip.test.FlightTest - Trip Type: One Way
09:43:08.474 [main] INFO  com.EaseMyTrip.test.FlightTest - Departure City: Delhi
09:43:08.474 [main] INFO  com.EaseMyTrip.test.FlightTest - Arrival City: Kota
09:43:08.475 [main] INFO  com.EaseMyTrip.test.FlightTest - Departure Date: 07-11-2020
09:43:08.475 [main] INFO  com.EaseMyTrip.test.FlightTest - Arrival Date: 07-11-2020
09:43:08.475 [main] INFO  com.EaseMyTrip.test.FlightTest - Number of Travellers: 1.0
09:43:08.475 [main] INFO  com.EaseMyTrip.test.FlightTest - Flight Class: Economy
09:43:09.213 [main] INFO  com.EaseMyTrip.test.FlightTest - Trip Type selected
09:43:09.969 [main] INFO  com.EaseMyTrip.test.FlightTest - Departure City selected
09:43:10.673 [main] INFO  com.EaseMyTrip.test.FlightTest - Arrival city selected
09:43:10.973 [main] INFO  com.EaseMyTrip.test.FlightTest - Departure date selected
09:43:11.141 [main] INFO  com.EaseMyTrip.test.FlightTest - Number of travellers selected
09:43:11.386 [main] INFO  com.EaseMyTrip.test.FlightTest - Flight Class selected
09:43:11.386 [main] INFO  com.EaseMyTrip.test.FlightTest - ---------------------------------------------------------
]]></system-out>
  </testcase>
  <testcase name="searchFlightTest[One Way, Bangalore, Kolkata, Tue Dec 08 00:00:00 IST 2020, Tue Dec 08 00:00:00 IST 2020, 1.0, Economy](4)" classname="com.EaseMyTrip.test.FlightTest" time="2.973">
    <system-out><![CDATA[09:43:11.393 [main] INFO  com.EaseMyTrip.test.FlightTest - -------------------Flight Search Details-----------------
09:43:11.393 [main] INFO  com.EaseMyTrip.test.FlightTest - Trip Type: One Way
09:43:11.393 [main] INFO  com.EaseMyTrip.test.FlightTest - Departure City: Bangalore
09:43:11.393 [main] INFO  com.EaseMyTrip.test.FlightTest - Arrival City: Kolkata
09:43:11.393 [main] INFO  com.EaseMyTrip.test.FlightTest - Departure Date: 08-12-2020
09:43:11.393 [main] INFO  com.EaseMyTrip.test.FlightTest - Arrival Date: 08-12-2020
09:43:11.393 [main] INFO  com.EaseMyTrip.test.FlightTest - Number of Travellers: 1.0
09:43:11.394 [main] INFO  com.EaseMyTrip.test.FlightTest - Flight Class: Economy
09:43:12.250 [main] INFO  com.EaseMyTrip.test.FlightTest - Trip Type selected
09:43:12.946 [main] INFO  com.EaseMyTrip.test.FlightTest - Departure City selected
09:43:13.653 [main] INFO  com.EaseMyTrip.test.FlightTest - Arrival city selected
09:43:13.959 [main] INFO  com.EaseMyTrip.test.FlightTest - Departure date selected
09:43:14.120 [main] INFO  com.EaseMyTrip.test.FlightTest - Number of travellers selected
09:43:14.359 [main] INFO  com.EaseMyTrip.test.FlightTest - Flight Class selected
09:43:14.359 [main] INFO  com.EaseMyTrip.test.FlightTest - ---------------------------------------------------------
]]></system-out>
  </testcase>
  <testcase name="searchFlightTest[One Way, Delhi, Bangalore, Wed Jan 20 00:00:00 IST 2021, Wed Jan 20 00:00:00 IST 2021, 1.0, Economy](5)" classname="com.EaseMyTrip.test.FlightTest" time="3.25">
    <system-out><![CDATA[09:43:14.365 [main] INFO  com.EaseMyTrip.test.FlightTest - -------------------Flight Search Details-----------------
09:43:14.365 [main] INFO  com.EaseMyTrip.test.FlightTest - Trip Type: One Way
09:43:14.365 [main] INFO  com.EaseMyTrip.test.FlightTest - Departure City: Delhi
09:43:14.365 [main] INFO  com.EaseMyTrip.test.FlightTest - Arrival City: Bangalore
09:43:14.365 [main] INFO  com.EaseMyTrip.test.FlightTest - Departure Date: 20-01-2021
09:43:14.365 [main] INFO  com.EaseMyTrip.test.FlightTest - Arrival Date: 20-01-2021
09:43:14.365 [main] INFO  com.EaseMyTrip.test.FlightTest - Number of Travellers: 1.0
09:43:14.365 [main] INFO  com.EaseMyTrip.test.FlightTest - Flight Class: Economy
09:43:15.309 [main] INFO  com.EaseMyTrip.test.FlightTest - Trip Type selected
09:43:16.126 [main] INFO  com.EaseMyTrip.test.FlightTest - Departure City selected
09:43:16.792 [main] INFO  com.EaseMyTrip.test.FlightTest - Arrival city selected
09:43:17.208 [main] INFO  com.EaseMyTrip.test.FlightTest - Departure date selected
09:43:17.384 [main] INFO  com.EaseMyTrip.test.FlightTest - Number of travellers selected
09:43:17.609 [main] INFO  com.EaseMyTrip.test.FlightTest - Flight Class selected
09:43:17.609 [main] INFO  com.EaseMyTrip.test.FlightTest - ---------------------------------------------------------
]]></system-out>
  </testcase>
  <testcase name="searchFlightTest[One Way, Hyderabad, Ahmedabad, Sat Feb 20 00:00:00 IST 2021, Sat Feb 20 00:00:00 IST 2021, 1.0, Economy](6)" classname="com.EaseMyTrip.test.FlightTest" time="2.95">
    <system-out><![CDATA[09:43:17.615 [main] INFO  com.EaseMyTrip.test.FlightTest - -------------------Flight Search Details-----------------
09:43:17.616 [main] INFO  com.EaseMyTrip.test.FlightTest - Trip Type: One Way
09:43:17.616 [main] INFO  com.EaseMyTrip.test.FlightTest - Departure City: Hyderabad
09:43:17.616 [main] INFO  com.EaseMyTrip.test.FlightTest - Arrival City: Ahmedabad
09:43:17.616 [main] INFO  com.EaseMyTrip.test.FlightTest - Departure Date: 20-02-2021
09:43:17.616 [main] INFO  com.EaseMyTrip.test.FlightTest - Arrival Date: 20-02-2021
09:43:17.616 [main] INFO  com.EaseMyTrip.test.FlightTest - Number of Travellers: 1.0
09:43:17.616 [main] INFO  com.EaseMyTrip.test.FlightTest - Flight Class: Economy
09:43:18.330 [main] INFO  com.EaseMyTrip.test.FlightTest - Trip Type selected
09:43:19.084 [main] INFO  com.EaseMyTrip.test.FlightTest - Departure City selected
09:43:19.795 [main] INFO  com.EaseMyTrip.test.FlightTest - Arrival city selected
09:43:20.177 [main] INFO  com.EaseMyTrip.test.FlightTest - Departure date selected
09:43:20.343 [main] INFO  com.EaseMyTrip.test.FlightTest - Number of travellers selected
09:43:20.558 [main] INFO  com.EaseMyTrip.test.FlightTest - Flight Class selected
09:43:20.559 [main] INFO  com.EaseMyTrip.test.FlightTest - ---------------------------------------------------------
]]></system-out>
  </testcase>
  <testcase name="searchFlightTest[One Way, Bangalore, Hyderabad, Sat Mar 20 00:00:00 IST 2021, Sat Mar 20 00:00:00 IST 2021, 1.0, Economy](7)" classname="com.EaseMyTrip.test.FlightTest" time="2.944">
    <system-out><![CDATA[09:43:20.565 [main] INFO  com.EaseMyTrip.test.FlightTest - -------------------Flight Search Details-----------------
09:43:20.565 [main] INFO  com.EaseMyTrip.test.FlightTest - Trip Type: One Way
09:43:20.565 [main] INFO  com.EaseMyTrip.test.FlightTest - Departure City: Bangalore
09:43:20.565 [main] INFO  com.EaseMyTrip.test.FlightTest - Arrival City: Hyderabad
09:43:20.565 [main] INFO  com.EaseMyTrip.test.FlightTest - Departure Date: 20-03-2021
09:43:20.565 [main] INFO  com.EaseMyTrip.test.FlightTest - Arrival Date: 20-03-2021
09:43:20.565 [main] INFO  com.EaseMyTrip.test.FlightTest - Number of Travellers: 1.0
09:43:20.565 [main] INFO  com.EaseMyTrip.test.FlightTest - Flight Class: Economy
09:43:21.295 [main] INFO  com.EaseMyTrip.test.FlightTest - Trip Type selected
09:43:22.037 [main] INFO  com.EaseMyTrip.test.FlightTest - Departure City selected
09:43:22.740 [main] INFO  com.EaseMyTrip.test.FlightTest - Arrival city selected
09:43:23.109 [main] INFO  com.EaseMyTrip.test.FlightTest - Departure date selected
09:43:23.285 [main] INFO  com.EaseMyTrip.test.FlightTest - Number of travellers selected
09:43:23.503 [main] INFO  com.EaseMyTrip.test.FlightTest - Flight Class selected
09:43:23.503 [main] INFO  com.EaseMyTrip.test.FlightTest - ---------------------------------------------------------
]]></system-out>
  </testcase>
</testsuite>