<?xml version="1.0" encoding="UTF-8"?>
<!-- Generated by org.testng.reporters.JUnitReportReporter -->
<testsuite hostname="MSI" failures="0" tests="1" name="com.EaseMyTrip.test.AccountTest" time="72.241" errors="0" timestamp="2020-08-29T23:59:31 IST" skipped="0">
  <testcase classname="com.EaseMyTrip.test.AccountTest" name="createAccount" time="72.241"/>
  <system-out/>
</testsuite> <!-- com.EaseMyTrip.test.AccountTest -->
